[2025-10-11 15:45:05] ⚠️ [ADVERTIMENT] Undefined variable $variableInexistent a C:\Users\bvives\SRV\BLOC1\UD5\ACT5_0C\index.php (línia 50)
[2025-10-11 15:45:05] ⚠️ [ADVERTIMENT] include(fitxer_que_no_existeix.php): Failed to open stream: No such file or directory a C:\Users\bvives\SRV\BLOC1\UD5\ACT5_0C\index.php (línia 51)
[2025-10-11 15:45:05] ⚠️ [ADVERTIMENT] include(): Failed opening 'fitxer_que_no_existeix.php' for inclusion (include_path='.;C:/laragon/etc/php/pear') a C:\Users\bvives\SRV\BLOC1\UD5\ACT5_0C\index.php (línia 51)
[2025-10-11 15:45:05] ⚠️ [ADVERTIMENT] Error personalitzat! a C:\Users\bvives\SRV\BLOC1\UD5\ACT5_0C\index.php (línia 52)
[2025-10-11 15:50:08] ⚠️ [ADVERTIMENT] Undefined variable $variableInexistent a C:\Users\bvives\SRV\BLOC1\UD5\ACT5_0C\index.php (línia 48)
[2025-10-11 15:50:08] ⚠️ [ADVERTIMENT] include(fitxer_que_no_existeix.php): Failed to open stream: No such file or directory a C:\Users\bvives\SRV\BLOC1\UD5\ACT5_0C\index.php (línia 49)
[2025-10-11 15:50:08] ⚠️ [ADVERTIMENT] include(): Failed opening 'fitxer_que_no_existeix.php' for inclusion (include_path='.;C:/laragon/etc/php/pear') a C:\Users\bvives\SRV\BLOC1\UD5\ACT5_0C\index.php (línia 49)
[2025-10-11 15:50:08] ⚠️ [ADVERTIMENT] Error personalitzat! a C:\Users\bvives\SRV\BLOC1\UD5\ACT5_0C\index.php (línia 50)
[2025-10-12 07:09:19] ⚠️ [ADVERTIMENT] Undefined variable $variableInexistent a C:\Users\bvives\SRV\BLOC1\UD5\ACT5_0C\index.php (línia 45)
[2025-10-12 07:09:19] ⚠️ [ADVERTIMENT] include(fitxer_que_no_existeix.php): Failed to open stream: No such file or directory a C:\Users\bvives\SRV\BLOC1\UD5\ACT5_0C\index.php (línia 46)
[2025-10-12 07:09:19] ⚠️ [ADVERTIMENT] include(): Failed opening 'fitxer_que_no_existeix.php' for inclusion (include_path='.;C:/laragon/etc/php/pear') a C:\Users\bvives\SRV\BLOC1\UD5\ACT5_0C\index.php (línia 46)
[2025-10-12 07:09:19] ⚠️ [ADVERTIMENT] Error personalitzat! a C:\Users\bvives\SRV\BLOC1\UD5\ACT5_0C\index.php (línia 47)
[2025-10-12 07:10:35] ⚠️ [ADVERTIMENT] Undefined variable $variableInexistent a C:\Users\bvives\SRV\BLOC1\UD5\ACT5_0C\index.php (línia 47)
[2025-10-12 07:10:35] ⚠️ [ADVERTIMENT] include(fitxer_que_no_existeix.php): Failed to open stream: No such file or directory a C:\Users\bvives\SRV\BLOC1\UD5\ACT5_0C\index.php (línia 48)
[2025-10-12 07:10:35] ⚠️ [ADVERTIMENT] include(): Failed opening 'fitxer_que_no_existeix.php' for inclusion (include_path='.;C:/laragon/etc/php/pear') a C:\Users\bvives\SRV\BLOC1\UD5\ACT5_0C\index.php (línia 48)
[2025-10-12 07:10:35] ⚠️ [ADVERTIMENT] Error personalitzat! a C:\Users\bvives\SRV\BLOC1\UD5\ACT5_0C\index.php (línia 49)
[2025-10-12 07:10:36] ⚠️ [ADVERTIMENT] Undefined variable $variableInexistent a C:\Users\bvives\SRV\BLOC1\UD5\ACT5_0C\index.php (línia 47)
[2025-10-12 07:10:36] ⚠️ [ADVERTIMENT] include(fitxer_que_no_existeix.php): Failed to open stream: No such file or directory a C:\Users\bvives\SRV\BLOC1\UD5\ACT5_0C\index.php (línia 48)
[2025-10-12 07:10:36] ⚠️ [ADVERTIMENT] include(): Failed opening 'fitxer_que_no_existeix.php' for inclusion (include_path='.;C:/laragon/etc/php/pear') a C:\Users\bvives\SRV\BLOC1\UD5\ACT5_0C\index.php (línia 48)
[2025-10-12 07:10:36] ⚠️ [ADVERTIMENT] Error personalitzat! a C:\Users\bvives\SRV\BLOC1\UD5\ACT5_0C\index.php (línia 49)
[2025-10-12 07:10:36] ⚠️ [ADVERTIMENT] Undefined variable $variableInexistent a C:\Users\bvives\SRV\BLOC1\UD5\ACT5_0C\index.php (línia 47)
[2025-10-12 07:10:36] ⚠️ [ADVERTIMENT] include(fitxer_que_no_existeix.php): Failed to open stream: No such file or directory a C:\Users\bvives\SRV\BLOC1\UD5\ACT5_0C\index.php (línia 48)
[2025-10-12 07:10:36] ⚠️ [ADVERTIMENT] include(): Failed opening 'fitxer_que_no_existeix.php' for inclusion (include_path='.;C:/laragon/etc/php/pear') a C:\Users\bvives\SRV\BLOC1\UD5\ACT5_0C\index.php (línia 48)
[2025-10-12 07:10:36] ⚠️ [ADVERTIMENT] Error personalitzat! a C:\Users\bvives\SRV\BLOC1\UD5\ACT5_0C\index.php (línia 49)
[2025-10-12 07:11:02] ℹ️ [NOTÍCIA] Undefined variable $variableInexistent a C:\Users\bvives\SRV\BLOC1\UD5\ACT5_0C\index.php (línia 51)
[2025-10-12 07:11:02] ℹ️ [NOTÍCIA] include(fitxer_que_no_existeix.php): Failed to open stream: No such file or directory a C:\Users\bvives\SRV\BLOC1\UD5\ACT5_0C\index.php (línia 52)
[2025-10-12 07:11:02] ℹ️ [NOTÍCIA] include(): Failed opening 'fitxer_que_no_existeix.php' for inclusion (include_path='.;C:/laragon/etc/php/pear') a C:\Users\bvives\SRV\BLOC1\UD5\ACT5_0C\index.php (línia 52)
[2025-10-12 07:11:02] ⚠️ [ADVERTIMENT] Error personalitzat! a C:\Users\bvives\SRV\BLOC1\UD5\ACT5_0C\index.php (línia 53)
[2025-10-12 07:11:09] ⚠️ [ADVERTIMENT] Undefined variable $variableInexistent a C:\Users\bvives\SRV\BLOC1\UD5\ACT5_0C\index.php (línia 50)
[2025-10-12 07:11:09] ⚠️ [ADVERTIMENT] include(fitxer_que_no_existeix.php): Failed to open stream: No such file or directory a C:\Users\bvives\SRV\BLOC1\UD5\ACT5_0C\index.php (línia 51)
[2025-10-12 07:11:09] ⚠️ [ADVERTIMENT] include(): Failed opening 'fitxer_que_no_existeix.php' for inclusion (include_path='.;C:/laragon/etc/php/pear') a C:\Users\bvives\SRV\BLOC1\UD5\ACT5_0C\index.php (línia 51)
[2025-10-12 07:11:09] ⚠️ [ADVERTIMENT] Error personalitzat! a C:\Users\bvives\SRV\BLOC1\UD5\ACT5_0C\index.php (línia 52)
[2025-10-12 07:15:14] ⚠️ [ADVERTIMENT] Undefined variable $variableInexistent a C:\Users\bvives\SRV\BLOC1\UD5\ACT5_0C\index.php (línia 49)
[2025-10-12 07:15:14] ⚠️ [ADVERTIMENT] include(fitxer_que_no_existeix.php): Failed to open stream: No such file or directory a C:\Users\bvives\SRV\BLOC1\UD5\ACT5_0C\index.php (línia 50)
[2025-10-12 07:15:14] ⚠️ [ADVERTIMENT] include(): Failed opening 'fitxer_que_no_existeix.php' for inclusion (include_path='.;C:/laragon/etc/php/pear') a C:\Users\bvives\SRV\BLOC1\UD5\ACT5_0C\index.php (línia 50)
[2025-10-12 07:15:14] ⚠️ [ADVERTIMENT] Error personalitzat! a C:\Users\bvives\SRV\BLOC1\UD5\ACT5_0C\index.php (línia 51)
[2025-10-12 07:15:14] ⚠️ [ADVERTIMENT] Undefined variable $variableInexistent a C:\Users\bvives\SRV\BLOC1\UD5\ACT5_0C\index.php (línia 49)
[2025-10-12 07:15:14] ⚠️ [ADVERTIMENT] include(fitxer_que_no_existeix.php): Failed to open stream: No such file or directory a C:\Users\bvives\SRV\BLOC1\UD5\ACT5_0C\index.php (línia 50)
[2025-10-12 07:15:14] ⚠️ [ADVERTIMENT] include(): Failed opening 'fitxer_que_no_existeix.php' for inclusion (include_path='.;C:/laragon/etc/php/pear') a C:\Users\bvives\SRV\BLOC1\UD5\ACT5_0C\index.php (línia 50)
[2025-10-12 07:15:14] ⚠️ [ADVERTIMENT] Error personalitzat! a C:\Users\bvives\SRV\BLOC1\UD5\ACT5_0C\index.php (línia 51)
[2025-10-12 07:16:26] ⚠️ [ADVERTIMENT] Undefined variable $variableInexistent a C:\Users\bvives\SRV\BLOC1\UD5\ACT5_0C\index.php (línia 49)
[2025-10-12 07:16:26] ⚠️ [ADVERTIMENT] include(fitxer_que_no_existeix.php): Failed to open stream: No such file or directory a C:\Users\bvives\SRV\BLOC1\UD5\ACT5_0C\index.php (línia 50)
[2025-10-12 07:16:26] ⚠️ [ADVERTIMENT] include(): Failed opening 'fitxer_que_no_existeix.php' for inclusion (include_path='.;C:/laragon/etc/php/pear') a C:\Users\bvives\SRV\BLOC1\UD5\ACT5_0C\index.php (línia 50)
[2025-10-12 07:16:26] ⚠️ [ADVERTIMENT] Error personalitzat! a C:\Users\bvives\SRV\BLOC1\UD5\ACT5_0C\index.php (línia 51)
[2025-10-12 07:17:16] ⚠️ [ADVERTIMENT] Undefined variable $variableInexistent a C:\Users\bvives\SRV\BLOC1\UD5\ACT5_0C\index.php (línia 55)
[2025-10-12 07:17:16] ⚠️ [ADVERTIMENT] include(fitxer_que_no_existeix.php): Failed to open stream: No such file or directory a C:\Users\bvives\SRV\BLOC1\UD5\ACT5_0C\index.php (línia 56)
[2025-10-12 07:17:16] ⚠️ [ADVERTIMENT] include(): Failed opening 'fitxer_que_no_existeix.php' for inclusion (include_path='.;C:/laragon/etc/php/pear') a C:\Users\bvives\SRV\BLOC1\UD5\ACT5_0C\index.php (línia 56)
[2025-10-12 07:17:16] ⚠️ [ADVERTIMENT] Error personalitzat! a C:\Users\bvives\SRV\BLOC1\UD5\ACT5_0C\index.php (línia 57)
[2025-10-12 07:17:17] ⚠️ [ADVERTIMENT] Undefined variable $variableInexistent a C:\Users\bvives\SRV\BLOC1\UD5\ACT5_0C\index.php (línia 55)
[2025-10-12 07:17:17] ⚠️ [ADVERTIMENT] include(fitxer_que_no_existeix.php): Failed to open stream: No such file or directory a C:\Users\bvives\SRV\BLOC1\UD5\ACT5_0C\index.php (línia 56)
[2025-10-12 07:17:17] ⚠️ [ADVERTIMENT] include(): Failed opening 'fitxer_que_no_existeix.php' for inclusion (include_path='.;C:/laragon/etc/php/pear') a C:\Users\bvives\SRV\BLOC1\UD5\ACT5_0C\index.php (línia 56)
[2025-10-12 07:17:17] ⚠️ [ADVERTIMENT] Error personalitzat! a C:\Users\bvives\SRV\BLOC1\UD5\ACT5_0C\index.php (línia 57)
[2025-10-12 07:17:36] ⚠️ [ADVERTIMENT] Undefined array key "email" a C:\Users\bvives\SRV\BLOC1\UD5\ACT5_0C\index.php (línia 54)
[2025-10-12 07:17:36] ⚠️ [ADVERTIMENT] Undefined variable $variableInexistent a C:\Users\bvives\SRV\BLOC1\UD5\ACT5_0C\index.php (línia 57)
[2025-10-12 07:17:36] ⚠️ [ADVERTIMENT] include(fitxer_que_no_existeix.php): Failed to open stream: No such file or directory a C:\Users\bvives\SRV\BLOC1\UD5\ACT5_0C\index.php (línia 58)
[2025-10-12 07:17:36] ⚠️ [ADVERTIMENT] include(): Failed opening 'fitxer_que_no_existeix.php' for inclusion (include_path='.;C:/laragon/etc/php/pear') a C:\Users\bvives\SRV\BLOC1\UD5\ACT5_0C\index.php (línia 58)
[2025-10-12 07:17:36] ⚠️ [ADVERTIMENT] Error personalitzat! a C:\Users\bvives\SRV\BLOC1\UD5\ACT5_0C\index.php (línia 59)
[2025-10-12 07:18:51] ⚠️ [ADVERTIMENT] Undefined array key "email" a C:\Users\bvives\SRV\BLOC1\UD5\ACT5_0C\index.php (línia 54)
[2025-10-12 07:18:51] ⚠️ [ADVERTIMENT] Undefined variable $variableInexistent a C:\Users\bvives\SRV\BLOC1\UD5\ACT5_0C\index.php (línia 57)
[2025-10-12 07:18:51] ⚠️ [ADVERTIMENT] include(fitxer_que_no_existeix.php): Failed to open stream: No such file or directory a C:\Users\bvives\SRV\BLOC1\UD5\ACT5_0C\index.php (línia 58)
[2025-10-12 07:18:51] ⚠️ [ADVERTIMENT] include(): Failed opening 'fitxer_que_no_existeix.php' for inclusion (include_path='.;C:/laragon/etc/php/pear') a C:\Users\bvives\SRV\BLOC1\UD5\ACT5_0C\index.php (línia 58)
[2025-10-12 07:18:51] ⚠️ [ADVERTIMENT] Error personalitzat! a C:\Users\bvives\SRV\BLOC1\UD5\ACT5_0C\index.php (línia 59)
[2025-10-12 07:18:51] ⚠️ [ADVERTIMENT] Undefined array key "email" a C:\Users\bvives\SRV\BLOC1\UD5\ACT5_0C\index.php (línia 54)
[2025-10-12 07:18:51] ⚠️ [ADVERTIMENT] Undefined variable $variableInexistent a C:\Users\bvives\SRV\BLOC1\UD5\ACT5_0C\index.php (línia 57)
[2025-10-12 07:18:51] ⚠️ [ADVERTIMENT] include(fitxer_que_no_existeix.php): Failed to open stream: No such file or directory a C:\Users\bvives\SRV\BLOC1\UD5\ACT5_0C\index.php (línia 58)
[2025-10-12 07:18:51] ⚠️ [ADVERTIMENT] include(): Failed opening 'fitxer_que_no_existeix.php' for inclusion (include_path='.;C:/laragon/etc/php/pear') a C:\Users\bvives\SRV\BLOC1\UD5\ACT5_0C\index.php (línia 58)
[2025-10-12 07:18:51] ⚠️ [ADVERTIMENT] Error personalitzat! a C:\Users\bvives\SRV\BLOC1\UD5\ACT5_0C\index.php (línia 59)
[2025-10-12 07:18:55] ⚠️ [ADVERTIMENT] Undefined array key "email" a C:\Users\bvives\SRV\BLOC1\UD5\ACT5_0C\index.php (línia 54)
[2025-10-12 07:18:55] ⚠️ [ADVERTIMENT] Undefined variable $variableInexistent a C:\Users\bvives\SRV\BLOC1\UD5\ACT5_0C\index.php (línia 57)
[2025-10-12 07:18:55] ⚠️ [ADVERTIMENT] include(fitxer_que_no_existeix.php): Failed to open stream: No such file or directory a C:\Users\bvives\SRV\BLOC1\UD5\ACT5_0C\index.php (línia 58)
[2025-10-12 07:18:55] ⚠️ [ADVERTIMENT] include(): Failed opening 'fitxer_que_no_existeix.php' for inclusion (include_path='.;C:/laragon/etc/php/pear') a C:\Users\bvives\SRV\BLOC1\UD5\ACT5_0C\index.php (línia 58)
[2025-10-12 07:18:55] ⚠️ [ADVERTIMENT] Error personalitzat! a C:\Users\bvives\SRV\BLOC1\UD5\ACT5_0C\index.php (línia 59)
[2025-10-12 07:19:13] ⚠️ [ADVERTIMENT] Undefined array key "email" a C:\Users\bvives\SRV\BLOC1\UD5\ACT5_0C\index.php (línia 54)
[2025-10-12 07:19:13] ⚠️ [ADVERTIMENT] Undefined variable $variableInexistent a C:\Users\bvives\SRV\BLOC1\UD5\ACT5_0C\index.php (línia 57)
[2025-10-12 07:19:13] ⚠️ [ADVERTIMENT] include(fitxer_que_no_existeix.php): Failed to open stream: No such file or directory a C:\Users\bvives\SRV\BLOC1\UD5\ACT5_0C\index.php (línia 58)
[2025-10-12 07:19:13] ⚠️ [ADVERTIMENT] include(): Failed opening 'fitxer_que_no_existeix.php' for inclusion (include_path='.;C:/laragon/etc/php/pear') a C:\Users\bvives\SRV\BLOC1\UD5\ACT5_0C\index.php (línia 58)
[2025-10-12 07:19:13] ⚠️ [ADVERTIMENT] Error personalitzat! a C:\Users\bvives\SRV\BLOC1\UD5\ACT5_0C\index.php (línia 59)
[2025-10-12 07:19:15] ⚠️ [ADVERTIMENT] Undefined array key "email" a C:\Users\bvives\SRV\BLOC1\UD5\ACT5_0C\index.php (línia 54)
[2025-10-12 07:19:15] ⚠️ [ADVERTIMENT] Undefined variable $variableInexistent a C:\Users\bvives\SRV\BLOC1\UD5\ACT5_0C\index.php (línia 57)
[2025-10-12 07:19:15] ⚠️ [ADVERTIMENT] include(fitxer_que_no_existeix.php): Failed to open stream: No such file or directory a C:\Users\bvives\SRV\BLOC1\UD5\ACT5_0C\index.php (línia 58)
[2025-10-12 07:19:15] ⚠️ [ADVERTIMENT] include(): Failed opening 'fitxer_que_no_existeix.php' for inclusion (include_path='.;C:/laragon/etc/php/pear') a C:\Users\bvives\SRV\BLOC1\UD5\ACT5_0C\index.php (línia 58)
[2025-10-12 07:19:15] ⚠️ [ADVERTIMENT] Error personalitzat! a C:\Users\bvives\SRV\BLOC1\UD5\ACT5_0C\index.php (línia 59)
[2025-10-12 07:19:15] ⚠️ [ADVERTIMENT] Undefined array key "email" a C:\Users\bvives\SRV\BLOC1\UD5\ACT5_0C\index.php (línia 54)
[2025-10-12 07:19:15] ⚠️ [ADVERTIMENT] Undefined variable $variableInexistent a C:\Users\bvives\SRV\BLOC1\UD5\ACT5_0C\index.php (línia 57)
[2025-10-12 07:19:15] ⚠️ [ADVERTIMENT] include(fitxer_que_no_existeix.php): Failed to open stream: No such file or directory a C:\Users\bvives\SRV\BLOC1\UD5\ACT5_0C\index.php (línia 58)
[2025-10-12 07:19:15] ⚠️ [ADVERTIMENT] include(): Failed opening 'fitxer_que_no_existeix.php' for inclusion (include_path='.;C:/laragon/etc/php/pear') a C:\Users\bvives\SRV\BLOC1\UD5\ACT5_0C\index.php (línia 58)
[2025-10-12 07:19:15] ⚠️ [ADVERTIMENT] Error personalitzat! a C:\Users\bvives\SRV\BLOC1\UD5\ACT5_0C\index.php (línia 59)
[2025-10-12 07:19:16] ⚠️ [ADVERTIMENT] Undefined array key "email" a C:\Users\bvives\SRV\BLOC1\UD5\ACT5_0C\index.php (línia 54)
[2025-10-12 07:19:16] ⚠️ [ADVERTIMENT] Undefined variable $variableInexistent a C:\Users\bvives\SRV\BLOC1\UD5\ACT5_0C\index.php (línia 57)
[2025-10-12 07:19:16] ⚠️ [ADVERTIMENT] include(fitxer_que_no_existeix.php): Failed to open stream: No such file or directory a C:\Users\bvives\SRV\BLOC1\UD5\ACT5_0C\index.php (línia 58)
[2025-10-12 07:19:16] ⚠️ [ADVERTIMENT] include(): Failed opening 'fitxer_que_no_existeix.php' for inclusion (include_path='.;C:/laragon/etc/php/pear') a C:\Users\bvives\SRV\BLOC1\UD5\ACT5_0C\index.php (línia 58)
[2025-10-12 07:19:16] ⚠️ [ADVERTIMENT] Error personalitzat! a C:\Users\bvives\SRV\BLOC1\UD5\ACT5_0C\index.php (línia 59)
[2025-10-12 07:19:16] ⚠️ [ADVERTIMENT] Undefined array key "email" a C:\Users\bvives\SRV\BLOC1\UD5\ACT5_0C\index.php (línia 54)
[2025-10-12 07:19:16] ⚠️ [ADVERTIMENT] Undefined variable $variableInexistent a C:\Users\bvives\SRV\BLOC1\UD5\ACT5_0C\index.php (línia 57)
[2025-10-12 07:19:16] ⚠️ [ADVERTIMENT] include(fitxer_que_no_existeix.php): Failed to open stream: No such file or directory a C:\Users\bvives\SRV\BLOC1\UD5\ACT5_0C\index.php (línia 58)
[2025-10-12 07:19:16] ⚠️ [ADVERTIMENT] include(): Failed opening 'fitxer_que_no_existeix.php' for inclusion (include_path='.;C:/laragon/etc/php/pear') a C:\Users\bvives\SRV\BLOC1\UD5\ACT5_0C\index.php (línia 58)
[2025-10-12 07:19:16] ⚠️ [ADVERTIMENT] Error personalitzat! a C:\Users\bvives\SRV\BLOC1\UD5\ACT5_0C\index.php (línia 59)
[2025-10-12 07:19:16] ⚠️ [ADVERTIMENT] Undefined array key "email" a C:\Users\bvives\SRV\BLOC1\UD5\ACT5_0C\index.php (línia 54)
[2025-10-12 07:19:16] ⚠️ [ADVERTIMENT] Undefined variable $variableInexistent a C:\Users\bvives\SRV\BLOC1\UD5\ACT5_0C\index.php (línia 57)
[2025-10-12 07:19:16] ⚠️ [ADVERTIMENT] include(fitxer_que_no_existeix.php): Failed to open stream: No such file or directory a C:\Users\bvives\SRV\BLOC1\UD5\ACT5_0C\index.php (línia 58)
[2025-10-12 07:19:16] ⚠️ [ADVERTIMENT] include(): Failed opening 'fitxer_que_no_existeix.php' for inclusion (include_path='.;C:/laragon/etc/php/pear') a C:\Users\bvives\SRV\BLOC1\UD5\ACT5_0C\index.php (línia 58)
[2025-10-12 07:19:16] ⚠️ [ADVERTIMENT] Error personalitzat! a C:\Users\bvives\SRV\BLOC1\UD5\ACT5_0C\index.php (línia 59)
[2025-10-12 07:19:16] ⚠️ [ADVERTIMENT] Undefined array key "email" a C:\Users\bvives\SRV\BLOC1\UD5\ACT5_0C\index.php (línia 54)
[2025-10-12 07:19:16] ⚠️ [ADVERTIMENT] Undefined variable $variableInexistent a C:\Users\bvives\SRV\BLOC1\UD5\ACT5_0C\index.php (línia 57)
[2025-10-12 07:19:16] ⚠️ [ADVERTIMENT] include(fitxer_que_no_existeix.php): Failed to open stream: No such file or directory a C:\Users\bvives\SRV\BLOC1\UD5\ACT5_0C\index.php (línia 58)
[2025-10-12 07:19:16] ⚠️ [ADVERTIMENT] include(): Failed opening 'fitxer_que_no_existeix.php' for inclusion (include_path='.;C:/laragon/etc/php/pear') a C:\Users\bvives\SRV\BLOC1\UD5\ACT5_0C\index.php (línia 58)
[2025-10-12 07:19:16] ⚠️ [ADVERTIMENT] Error personalitzat! a C:\Users\bvives\SRV\BLOC1\UD5\ACT5_0C\index.php (línia 59)
[2025-10-12 07:19:17] ⚠️ [ADVERTIMENT] Undefined array key "email" a C:\Users\bvives\SRV\BLOC1\UD5\ACT5_0C\index.php (línia 54)
[2025-10-12 07:19:17] ⚠️ [ADVERTIMENT] Undefined variable $variableInexistent a C:\Users\bvives\SRV\BLOC1\UD5\ACT5_0C\index.php (línia 57)
[2025-10-12 07:19:17] ⚠️ [ADVERTIMENT] include(fitxer_que_no_existeix.php): Failed to open stream: No such file or directory a C:\Users\bvives\SRV\BLOC1\UD5\ACT5_0C\index.php (línia 58)
[2025-10-12 07:19:17] ⚠️ [ADVERTIMENT] include(): Failed opening 'fitxer_que_no_existeix.php' for inclusion (include_path='.;C:/laragon/etc/php/pear') a C:\Users\bvives\SRV\BLOC1\UD5\ACT5_0C\index.php (línia 58)
[2025-10-12 07:19:17] ⚠️ [ADVERTIMENT] Error personalitzat! a C:\Users\bvives\SRV\BLOC1\UD5\ACT5_0C\index.php (línia 59)
[2025-10-12 07:20:09] ⚠️ [ADVERTIMENT] Undefined array key "email" a C:\Users\bvives\SRV\BLOC1\UD5\ACT5_0C\index.php (línia 54)
[2025-10-12 07:20:09] ⚠️ [ADVERTIMENT] Undefined variable $variableInexistent a C:\Users\bvives\SRV\BLOC1\UD5\ACT5_0C\index.php (línia 57)
[2025-10-12 07:20:09] ⚠️ [ADVERTIMENT] include(fitxer_que_no_existeix.php): Failed to open stream: No such file or directory a C:\Users\bvives\SRV\BLOC1\UD5\ACT5_0C\index.php (línia 58)
[2025-10-12 07:20:09] ⚠️ [ADVERTIMENT] include(): Failed opening 'fitxer_que_no_existeix.php' for inclusion (include_path='.;C:/laragon/etc/php/pear') a C:\Users\bvives\SRV\BLOC1\UD5\ACT5_0C\index.php (línia 58)
[2025-10-12 07:20:09] ⚠️ [ADVERTIMENT] Error personalitzat! a C:\Users\bvives\SRV\BLOC1\UD5\ACT5_0C\index.php (línia 59)
[2025-10-12 07:20:10] ⚠️ [ADVERTIMENT] Undefined array key "email" a C:\Users\bvives\SRV\BLOC1\UD5\ACT5_0C\index.php (línia 54)
[2025-10-12 07:20:10] ⚠️ [ADVERTIMENT] Undefined variable $variableInexistent a C:\Users\bvives\SRV\BLOC1\UD5\ACT5_0C\index.php (línia 57)
[2025-10-12 07:20:10] ⚠️ [ADVERTIMENT] include(fitxer_que_no_existeix.php): Failed to open stream: No such file or directory a C:\Users\bvives\SRV\BLOC1\UD5\ACT5_0C\index.php (línia 58)
[2025-10-12 07:20:10] ⚠️ [ADVERTIMENT] include(): Failed opening 'fitxer_que_no_existeix.php' for inclusion (include_path='.;C:/laragon/etc/php/pear') a C:\Users\bvives\SRV\BLOC1\UD5\ACT5_0C\index.php (línia 58)
[2025-10-12 07:20:10] ⚠️ [ADVERTIMENT] Error personalitzat! a C:\Users\bvives\SRV\BLOC1\UD5\ACT5_0C\index.php (línia 59)
[2025-10-12 07:20:10] ⚠️ [ADVERTIMENT] Undefined array key "email" a C:\Users\bvives\SRV\BLOC1\UD5\ACT5_0C\index.php (línia 54)
[2025-10-12 07:20:10] ⚠️ [ADVERTIMENT] Undefined variable $variableInexistent a C:\Users\bvives\SRV\BLOC1\UD5\ACT5_0C\index.php (línia 57)
[2025-10-12 07:20:10] ⚠️ [ADVERTIMENT] include(fitxer_que_no_existeix.php): Failed to open stream: No such file or directory a C:\Users\bvives\SRV\BLOC1\UD5\ACT5_0C\index.php (línia 58)
[2025-10-12 07:20:10] ⚠️ [ADVERTIMENT] include(): Failed opening 'fitxer_que_no_existeix.php' for inclusion (include_path='.;C:/laragon/etc/php/pear') a C:\Users\bvives\SRV\BLOC1\UD5\ACT5_0C\index.php (línia 58)
[2025-10-12 07:20:10] ⚠️ [ADVERTIMENT] Error personalitzat! a C:\Users\bvives\SRV\BLOC1\UD5\ACT5_0C\index.php (línia 59)
[2025-10-12 07:20:11] ⚠️ [ADVERTIMENT] Undefined array key "email" a C:\Users\bvives\SRV\BLOC1\UD5\ACT5_0C\index.php (línia 54)
[2025-10-12 07:20:11] ⚠️ [ADVERTIMENT] Undefined variable $variableInexistent a C:\Users\bvives\SRV\BLOC1\UD5\ACT5_0C\index.php (línia 57)
[2025-10-12 07:20:11] ⚠️ [ADVERTIMENT] include(fitxer_que_no_existeix.php): Failed to open stream: No such file or directory a C:\Users\bvives\SRV\BLOC1\UD5\ACT5_0C\index.php (línia 58)
[2025-10-12 07:20:11] ⚠️ [ADVERTIMENT] include(): Failed opening 'fitxer_que_no_existeix.php' for inclusion (include_path='.;C:/laragon/etc/php/pear') a C:\Users\bvives\SRV\BLOC1\UD5\ACT5_0C\index.php (línia 58)
[2025-10-12 07:20:11] ⚠️ [ADVERTIMENT] Error personalitzat! a C:\Users\bvives\SRV\BLOC1\UD5\ACT5_0C\index.php (línia 59)
[2025-10-12 07:20:11] ⚠️ [ADVERTIMENT] Undefined array key "email" a C:\Users\bvives\SRV\BLOC1\UD5\ACT5_0C\index.php (línia 54)
[2025-10-12 07:20:11] ⚠️ [ADVERTIMENT] Undefined variable $variableInexistent a C:\Users\bvives\SRV\BLOC1\UD5\ACT5_0C\index.php (línia 57)
[2025-10-12 07:20:11] ⚠️ [ADVERTIMENT] include(fitxer_que_no_existeix.php): Failed to open stream: No such file or directory a C:\Users\bvives\SRV\BLOC1\UD5\ACT5_0C\index.php (línia 58)
[2025-10-12 07:20:11] ⚠️ [ADVERTIMENT] include(): Failed opening 'fitxer_que_no_existeix.php' for inclusion (include_path='.;C:/laragon/etc/php/pear') a C:\Users\bvives\SRV\BLOC1\UD5\ACT5_0C\index.php (línia 58)
[2025-10-12 07:20:11] ⚠️ [ADVERTIMENT] Error personalitzat! a C:\Users\bvives\SRV\BLOC1\UD5\ACT5_0C\index.php (línia 59)
[2025-10-12 07:20:11] ⚠️ [ADVERTIMENT] Undefined array key "email" a C:\Users\bvives\SRV\BLOC1\UD5\ACT5_0C\index.php (línia 54)
[2025-10-12 07:20:11] ⚠️ [ADVERTIMENT] Undefined variable $variableInexistent a C:\Users\bvives\SRV\BLOC1\UD5\ACT5_0C\index.php (línia 57)
[2025-10-12 07:20:11] ⚠️ [ADVERTIMENT] include(fitxer_que_no_existeix.php): Failed to open stream: No such file or directory a C:\Users\bvives\SRV\BLOC1\UD5\ACT5_0C\index.php (línia 58)
[2025-10-12 07:20:11] ⚠️ [ADVERTIMENT] include(): Failed opening 'fitxer_que_no_existeix.php' for inclusion (include_path='.;C:/laragon/etc/php/pear') a C:\Users\bvives\SRV\BLOC1\UD5\ACT5_0C\index.php (línia 58)
[2025-10-12 07:20:11] ⚠️ [ADVERTIMENT] Error personalitzat! a C:\Users\bvives\SRV\BLOC1\UD5\ACT5_0C\index.php (línia 59)
