[2025-10-12 09:51:00] [E_WARNING:2] Undefined array key "email" a C:\Users\Administrador\SRV\BLOC1\UD5\ACT5_0C2\index.php (línia 48)
[2025-10-12 09:51:00] [E_WARNING:2] include(fitxer_inexistent.php): Failed to open stream: No such file or directory a C:\Users\Administrador\SRV\BLOC1\UD5\ACT5_0C2\index.php (línia 51)
[2025-10-12 09:51:00] [E_WARNING:2] include(): Failed opening 'fitxer_inexistent.php' for inclusion (include_path='.;C:/laragon/etc/php/pear') a C:\Users\Administrador\SRV\BLOC1\UD5\ACT5_0C2\index.php (línia 51)
[2025-10-12 09:51:00] [E_USER_WARNING:512] Error advertència creat per usuari a C:\Users\Administrador\SRV\BLOC1\UD5\ACT5_0C2\index.php (línia 54)
[2025-10-12 09:51:00] [E_USER_NOTICE:1024] Notificació creat per usuari a C:\Users\Administrador\SRV\BLOC1\UD5\ACT5_0C2\index.php (línia 57)
[2025-10-12 10:05:06] [E_WARNING:2] Undefined array key "email" a C:\Users\Administrador\SRV\BLOC1\UD5\ACT5_0C2\index.php (línia 48)
[2025-10-12 10:05:06] [E_WARNING:2] include(fitxer_inexistent.php): Failed to open stream: No such file or directory a C:\Users\Administrador\SRV\BLOC1\UD5\ACT5_0C2\index.php (línia 51)
[2025-10-12 10:05:06] [E_WARNING:2] include(): Failed opening 'fitxer_inexistent.php' for inclusion (include_path='.;C:/laragon/etc/php/pear') a C:\Users\Administrador\SRV\BLOC1\UD5\ACT5_0C2\index.php (línia 51)
[2025-10-12 10:05:06] [E_USER_WARNING:512] Error advertència creat per usuari a C:\Users\Administrador\SRV\BLOC1\UD5\ACT5_0C2\index.php (línia 54)
[2025-10-12 10:05:06] [E_USER_NOTICE:1024] Notificació creat per usuari a C:\Users\Administrador\SRV\BLOC1\UD5\ACT5_0C2\index.php (línia 57)
[2025-10-12 10:31:19] [E_WARNING:2] Undefined array key "email" a C:\Users\Administrador\SRV\BLOC1\UD5\ACT5_0C2\index.php (línia 55)
[2025-10-12 10:31:19] [E_WARNING:2] include(fitxer_inexistent.php): Failed to open stream: No such file or directory a C:\Users\Administrador\SRV\BLOC1\UD5\ACT5_0C2\index.php (línia 58)
[2025-10-12 10:31:19] [E_WARNING:2] include(): Failed opening 'fitxer_inexistent.php' for inclusion (include_path='.;C:/laragon/etc/php/pear') a C:\Users\Administrador\SRV\BLOC1\UD5\ACT5_0C2\index.php (línia 58)
[2025-10-12 10:31:19] [E_USER_WARNING:512] Error advertència creat per usuari a C:\Users\Administrador\SRV\BLOC1\UD5\ACT5_0C2\index.php (línia 61)
[2025-10-12 10:31:19] [E_USER_NOTICE:1024] Notificació creat per usuari a C:\Users\Administrador\SRV\BLOC1\UD5\ACT5_0C2\index.php (línia 64)
[2025-10-12 10:31:46] [E_WARNING:2] Undefined array key "email" a C:\Users\Administrador\SRV\BLOC1\UD5\ACT5_0C2\index.php (línia 55)
[2025-10-12 10:31:46] [E_WARNING:2] include(fitxer_inexistent.php): Failed to open stream: No such file or directory a C:\Users\Administrador\SRV\BLOC1\UD5\ACT5_0C2\index.php (línia 58)
[2025-10-12 10:31:46] [E_WARNING:2] include(): Failed opening 'fitxer_inexistent.php' for inclusion (include_path='.;C:/laragon/etc/php/pear') a C:\Users\Administrador\SRV\BLOC1\UD5\ACT5_0C2\index.php (línia 58)
[2025-10-12 10:31:46] [E_USER_WARNING:512] Error advertència creat per usuari a C:\Users\Administrador\SRV\BLOC1\UD5\ACT5_0C2\index.php (línia 61)
[2025-10-12 10:31:46] [E_USER_NOTICE:1024] Notificació creat per usuari a C:\Users\Administrador\SRV\BLOC1\UD5\ACT5_0C2\index.php (línia 64)
[2025-10-12 10:31:47] [E_WARNING:2] Undefined array key "email" a C:\Users\Administrador\SRV\BLOC1\UD5\ACT5_0C2\index.php (línia 55)
[2025-10-12 10:31:47] [E_WARNING:2] include(fitxer_inexistent.php): Failed to open stream: No such file or directory a C:\Users\Administrador\SRV\BLOC1\UD5\ACT5_0C2\index.php (línia 58)
[2025-10-12 10:31:47] [E_WARNING:2] include(): Failed opening 'fitxer_inexistent.php' for inclusion (include_path='.;C:/laragon/etc/php/pear') a C:\Users\Administrador\SRV\BLOC1\UD5\ACT5_0C2\index.php (línia 58)
[2025-10-12 10:31:47] [E_USER_WARNING:512] Error advertència creat per usuari a C:\Users\Administrador\SRV\BLOC1\UD5\ACT5_0C2\index.php (línia 61)
[2025-10-12 10:31:47] [E_USER_NOTICE:1024] Notificació creat per usuari a C:\Users\Administrador\SRV\BLOC1\UD5\ACT5_0C2\index.php (línia 64)
[2025-10-12 10:31:48] [E_WARNING:2] Undefined array key "email" a C:\Users\Administrador\SRV\BLOC1\UD5\ACT5_0C2\index.php (línia 55)
[2025-10-12 10:31:48] [E_WARNING:2] include(fitxer_inexistent.php): Failed to open stream: No such file or directory a C:\Users\Administrador\SRV\BLOC1\UD5\ACT5_0C2\index.php (línia 58)
[2025-10-12 10:31:48] [E_WARNING:2] include(): Failed opening 'fitxer_inexistent.php' for inclusion (include_path='.;C:/laragon/etc/php/pear') a C:\Users\Administrador\SRV\BLOC1\UD5\ACT5_0C2\index.php (línia 58)
[2025-10-12 10:31:48] [E_USER_WARNING:512] Error advertència creat per usuari a C:\Users\Administrador\SRV\BLOC1\UD5\ACT5_0C2\index.php (línia 61)
[2025-10-12 10:31:48] [E_USER_NOTICE:1024] Notificació creat per usuari a C:\Users\Administrador\SRV\BLOC1\UD5\ACT5_0C2\index.php (línia 64)
[2025-10-12 10:31:48] [E_WARNING:2] Undefined array key "email" a C:\Users\Administrador\SRV\BLOC1\UD5\ACT5_0C2\index.php (línia 55)
[2025-10-12 10:31:48] [E_WARNING:2] include(fitxer_inexistent.php): Failed to open stream: No such file or directory a C:\Users\Administrador\SRV\BLOC1\UD5\ACT5_0C2\index.php (línia 58)
[2025-10-12 10:31:48] [E_WARNING:2] include(): Failed opening 'fitxer_inexistent.php' for inclusion (include_path='.;C:/laragon/etc/php/pear') a C:\Users\Administrador\SRV\BLOC1\UD5\ACT5_0C2\index.php (línia 58)
[2025-10-12 10:31:48] [E_USER_WARNING:512] Error advertència creat per usuari a C:\Users\Administrador\SRV\BLOC1\UD5\ACT5_0C2\index.php (línia 61)
[2025-10-12 10:31:48] [E_USER_NOTICE:1024] Notificació creat per usuari a C:\Users\Administrador\SRV\BLOC1\UD5\ACT5_0C2\index.php (línia 64)
[2025-10-12 10:31:48] [E_WARNING:2] Undefined array key "email" a C:\Users\Administrador\SRV\BLOC1\UD5\ACT5_0C2\index.php (línia 55)
[2025-10-12 10:31:48] [E_WARNING:2] include(fitxer_inexistent.php): Failed to open stream: No such file or directory a C:\Users\Administrador\SRV\BLOC1\UD5\ACT5_0C2\index.php (línia 58)
[2025-10-12 10:31:48] [E_WARNING:2] include(): Failed opening 'fitxer_inexistent.php' for inclusion (include_path='.;C:/laragon/etc/php/pear') a C:\Users\Administrador\SRV\BLOC1\UD5\ACT5_0C2\index.php (línia 58)
[2025-10-12 10:31:48] [E_USER_WARNING:512] Error advertència creat per usuari a C:\Users\Administrador\SRV\BLOC1\UD5\ACT5_0C2\index.php (línia 61)
[2025-10-12 10:31:48] [E_USER_NOTICE:1024] Notificació creat per usuari a C:\Users\Administrador\SRV\BLOC1\UD5\ACT5_0C2\index.php (línia 64)
[2025-10-12 10:31:48] [E_WARNING:2] Undefined array key "email" a C:\Users\Administrador\SRV\BLOC1\UD5\ACT5_0C2\index.php (línia 55)
[2025-10-12 10:31:48] [E_WARNING:2] include(fitxer_inexistent.php): Failed to open stream: No such file or directory a C:\Users\Administrador\SRV\BLOC1\UD5\ACT5_0C2\index.php (línia 58)
[2025-10-12 10:31:48] [E_WARNING:2] include(): Failed opening 'fitxer_inexistent.php' for inclusion (include_path='.;C:/laragon/etc/php/pear') a C:\Users\Administrador\SRV\BLOC1\UD5\ACT5_0C2\index.php (línia 58)
[2025-10-12 10:31:48] [E_USER_WARNING:512] Error advertència creat per usuari a C:\Users\Administrador\SRV\BLOC1\UD5\ACT5_0C2\index.php (línia 61)
[2025-10-12 10:31:48] [E_USER_NOTICE:1024] Notificació creat per usuari a C:\Users\Administrador\SRV\BLOC1\UD5\ACT5_0C2\index.php (línia 64)
[2025-10-12 10:32:58] [E_WARNING:2] Undefined array key "email" a C:\Users\Administrador\SRV\BLOC1\UD5\ACT5_0C2\index.php (línia 55)
[2025-10-12 10:32:58] [E_WARNING:2] include(fitxer_inexistent.php): Failed to open stream: No such file or directory a C:\Users\Administrador\SRV\BLOC1\UD5\ACT5_0C2\index.php (línia 58)
[2025-10-12 10:32:58] [E_WARNING:2] include(): Failed opening 'fitxer_inexistent.php' for inclusion (include_path='.;C:/laragon/etc/php/pear') a C:\Users\Administrador\SRV\BLOC1\UD5\ACT5_0C2\index.php (línia 58)
[2025-10-12 10:32:58] [E_USER_WARNING:512] Error advertència creat per usuari a C:\Users\Administrador\SRV\BLOC1\UD5\ACT5_0C2\index.php (línia 61)
[2025-10-12 10:32:58] [E_USER_NOTICE:1024] Notificació creat per usuari a C:\Users\Administrador\SRV\BLOC1\UD5\ACT5_0C2\index.php (línia 64)
[2025-10-12 10:32:58] [E_WARNING:2] Undefined array key "email" a C:\Users\Administrador\SRV\BLOC1\UD5\ACT5_0C2\index.php (línia 55)
[2025-10-12 10:32:58] [E_WARNING:2] include(fitxer_inexistent.php): Failed to open stream: No such file or directory a C:\Users\Administrador\SRV\BLOC1\UD5\ACT5_0C2\index.php (línia 58)
[2025-10-12 10:32:58] [E_WARNING:2] include(): Failed opening 'fitxer_inexistent.php' for inclusion (include_path='.;C:/laragon/etc/php/pear') a C:\Users\Administrador\SRV\BLOC1\UD5\ACT5_0C2\index.php (línia 58)
[2025-10-12 10:32:58] [E_USER_WARNING:512] Error advertència creat per usuari a C:\Users\Administrador\SRV\BLOC1\UD5\ACT5_0C2\index.php (línia 61)
[2025-10-12 10:32:58] [E_USER_NOTICE:1024] Notificació creat per usuari a C:\Users\Administrador\SRV\BLOC1\UD5\ACT5_0C2\index.php (línia 64)
[2025-10-12 10:32:59] [E_WARNING:2] Undefined array key "email" a C:\Users\Administrador\SRV\BLOC1\UD5\ACT5_0C2\index.php (línia 55)
[2025-10-12 10:32:59] [E_WARNING:2] include(fitxer_inexistent.php): Failed to open stream: No such file or directory a C:\Users\Administrador\SRV\BLOC1\UD5\ACT5_0C2\index.php (línia 58)
[2025-10-12 10:32:59] [E_WARNING:2] include(): Failed opening 'fitxer_inexistent.php' for inclusion (include_path='.;C:/laragon/etc/php/pear') a C:\Users\Administrador\SRV\BLOC1\UD5\ACT5_0C2\index.php (línia 58)
[2025-10-12 10:32:59] [E_USER_WARNING:512] Error advertència creat per usuari a C:\Users\Administrador\SRV\BLOC1\UD5\ACT5_0C2\index.php (línia 61)
[2025-10-12 10:32:59] [E_USER_NOTICE:1024] Notificació creat per usuari a C:\Users\Administrador\SRV\BLOC1\UD5\ACT5_0C2\index.php (línia 64)
[2025-10-12 10:32:59] [E_WARNING:2] Undefined array key "email" a C:\Users\Administrador\SRV\BLOC1\UD5\ACT5_0C2\index.php (línia 55)
[2025-10-12 10:32:59] [E_WARNING:2] include(fitxer_inexistent.php): Failed to open stream: No such file or directory a C:\Users\Administrador\SRV\BLOC1\UD5\ACT5_0C2\index.php (línia 58)
[2025-10-12 10:32:59] [E_WARNING:2] include(): Failed opening 'fitxer_inexistent.php' for inclusion (include_path='.;C:/laragon/etc/php/pear') a C:\Users\Administrador\SRV\BLOC1\UD5\ACT5_0C2\index.php (línia 58)
[2025-10-12 10:32:59] [E_USER_WARNING:512] Error advertència creat per usuari a C:\Users\Administrador\SRV\BLOC1\UD5\ACT5_0C2\index.php (línia 61)
[2025-10-12 10:32:59] [E_USER_NOTICE:1024] Notificació creat per usuari a C:\Users\Administrador\SRV\BLOC1\UD5\ACT5_0C2\index.php (línia 64)
[2025-10-12 10:32:59] [E_WARNING:2] Undefined array key "email" a C:\Users\Administrador\SRV\BLOC1\UD5\ACT5_0C2\index.php (línia 55)
[2025-10-12 10:32:59] [E_WARNING:2] include(fitxer_inexistent.php): Failed to open stream: No such file or directory a C:\Users\Administrador\SRV\BLOC1\UD5\ACT5_0C2\index.php (línia 58)
[2025-10-12 10:32:59] [E_WARNING:2] include(): Failed opening 'fitxer_inexistent.php' for inclusion (include_path='.;C:/laragon/etc/php/pear') a C:\Users\Administrador\SRV\BLOC1\UD5\ACT5_0C2\index.php (línia 58)
[2025-10-12 10:32:59] [E_USER_WARNING:512] Error advertència creat per usuari a C:\Users\Administrador\SRV\BLOC1\UD5\ACT5_0C2\index.php (línia 61)
[2025-10-12 10:32:59] [E_USER_NOTICE:1024] Notificació creat per usuari a C:\Users\Administrador\SRV\BLOC1\UD5\ACT5_0C2\index.php (línia 64)
[2025-10-12 10:33:37] [E_WARNING:2] Undefined array key "email" a C:\Users\Administrador\SRV\BLOC1\UD5\ACT5_0C2\index.php (línia 55)
[2025-10-12 10:33:37] [E_WARNING:2] include(fitxer_inexistent.php): Failed to open stream: No such file or directory a C:\Users\Administrador\SRV\BLOC1\UD5\ACT5_0C2\index.php (línia 58)
[2025-10-12 10:33:37] [E_WARNING:2] include(): Failed opening 'fitxer_inexistent.php' for inclusion (include_path='.;C:/laragon/etc/php/pear') a C:\Users\Administrador\SRV\BLOC1\UD5\ACT5_0C2\index.php (línia 58)
[2025-10-12 10:33:37] [E_USER_WARNING:512] Error advertència creat per usuari a C:\Users\Administrador\SRV\BLOC1\UD5\ACT5_0C2\index.php (línia 61)
[2025-10-12 10:33:37] [E_USER_NOTICE:1024] Notificació creat per usuari a C:\Users\Administrador\SRV\BLOC1\UD5\ACT5_0C2\index.php (línia 64)
[2025-10-12 10:33:37] [E_WARNING:2] Undefined array key "email" a C:\Users\Administrador\SRV\BLOC1\UD5\ACT5_0C2\index.php (línia 55)
[2025-10-12 10:33:37] [E_WARNING:2] include(fitxer_inexistent.php): Failed to open stream: No such file or directory a C:\Users\Administrador\SRV\BLOC1\UD5\ACT5_0C2\index.php (línia 58)
[2025-10-12 10:33:37] [E_WARNING:2] include(): Failed opening 'fitxer_inexistent.php' for inclusion (include_path='.;C:/laragon/etc/php/pear') a C:\Users\Administrador\SRV\BLOC1\UD5\ACT5_0C2\index.php (línia 58)
[2025-10-12 10:33:37] [E_USER_WARNING:512] Error advertència creat per usuari a C:\Users\Administrador\SRV\BLOC1\UD5\ACT5_0C2\index.php (línia 61)
[2025-10-12 10:33:37] [E_USER_NOTICE:1024] Notificació creat per usuari a C:\Users\Administrador\SRV\BLOC1\UD5\ACT5_0C2\index.php (línia 64)
[2025-10-12 10:33:38] [E_WARNING:2] Undefined array key "email" a C:\Users\Administrador\SRV\BLOC1\UD5\ACT5_0C2\index.php (línia 55)
[2025-10-12 10:33:38] [E_WARNING:2] include(fitxer_inexistent.php): Failed to open stream: No such file or directory a C:\Users\Administrador\SRV\BLOC1\UD5\ACT5_0C2\index.php (línia 58)
[2025-10-12 10:33:38] [E_WARNING:2] include(): Failed opening 'fitxer_inexistent.php' for inclusion (include_path='.;C:/laragon/etc/php/pear') a C:\Users\Administrador\SRV\BLOC1\UD5\ACT5_0C2\index.php (línia 58)
[2025-10-12 10:33:38] [E_USER_WARNING:512] Error advertència creat per usuari a C:\Users\Administrador\SRV\BLOC1\UD5\ACT5_0C2\index.php (línia 61)
[2025-10-12 10:33:38] [E_USER_NOTICE:1024] Notificació creat per usuari a C:\Users\Administrador\SRV\BLOC1\UD5\ACT5_0C2\index.php (línia 64)
[2025-10-12 10:33:38] [E_WARNING:2] Undefined array key "email" a C:\Users\Administrador\SRV\BLOC1\UD5\ACT5_0C2\index.php (línia 55)
[2025-10-12 10:33:38] [E_WARNING:2] include(fitxer_inexistent.php): Failed to open stream: No such file or directory a C:\Users\Administrador\SRV\BLOC1\UD5\ACT5_0C2\index.php (línia 58)
[2025-10-12 10:33:38] [E_WARNING:2] include(): Failed opening 'fitxer_inexistent.php' for inclusion (include_path='.;C:/laragon/etc/php/pear') a C:\Users\Administrador\SRV\BLOC1\UD5\ACT5_0C2\index.php (línia 58)
[2025-10-12 10:33:38] [E_USER_WARNING:512] Error advertència creat per usuari a C:\Users\Administrador\SRV\BLOC1\UD5\ACT5_0C2\index.php (línia 61)
[2025-10-12 10:33:38] [E_USER_NOTICE:1024] Notificació creat per usuari a C:\Users\Administrador\SRV\BLOC1\UD5\ACT5_0C2\index.php (línia 64)
[2025-10-12 10:33:38] [E_WARNING:2] Undefined array key "email" a C:\Users\Administrador\SRV\BLOC1\UD5\ACT5_0C2\index.php (línia 55)
[2025-10-12 10:33:38] [E_WARNING:2] include(fitxer_inexistent.php): Failed to open stream: No such file or directory a C:\Users\Administrador\SRV\BLOC1\UD5\ACT5_0C2\index.php (línia 58)
[2025-10-12 10:33:38] [E_WARNING:2] include(): Failed opening 'fitxer_inexistent.php' for inclusion (include_path='.;C:/laragon/etc/php/pear') a C:\Users\Administrador\SRV\BLOC1\UD5\ACT5_0C2\index.php (línia 58)
[2025-10-12 10:33:38] [E_USER_WARNING:512] Error advertència creat per usuari a C:\Users\Administrador\SRV\BLOC1\UD5\ACT5_0C2\index.php (línia 61)
[2025-10-12 10:33:38] [E_USER_NOTICE:1024] Notificació creat per usuari a C:\Users\Administrador\SRV\BLOC1\UD5\ACT5_0C2\index.php (línia 64)
[2025-10-12 10:33:38] [E_WARNING:2] Undefined array key "email" a C:\Users\Administrador\SRV\BLOC1\UD5\ACT5_0C2\index.php (línia 55)
[2025-10-12 10:33:38] [E_WARNING:2] include(fitxer_inexistent.php): Failed to open stream: No such file or directory a C:\Users\Administrador\SRV\BLOC1\UD5\ACT5_0C2\index.php (línia 58)
[2025-10-12 10:33:38] [E_WARNING:2] include(): Failed opening 'fitxer_inexistent.php' for inclusion (include_path='.;C:/laragon/etc/php/pear') a C:\Users\Administrador\SRV\BLOC1\UD5\ACT5_0C2\index.php (línia 58)
[2025-10-12 10:33:38] [E_USER_WARNING:512] Error advertència creat per usuari a C:\Users\Administrador\SRV\BLOC1\UD5\ACT5_0C2\index.php (línia 61)
[2025-10-12 10:33:38] [E_USER_NOTICE:1024] Notificació creat per usuari a C:\Users\Administrador\SRV\BLOC1\UD5\ACT5_0C2\index.php (línia 64)
[2025-10-12 10:33:46] [E_WARNING:2] Undefined array key "email" a C:\Users\Administrador\SRV\BLOC1\UD5\ACT5_0C2\index.php (línia 55)
[2025-10-12 10:33:46] [E_WARNING:2] include(fitxer_inexistent.php): Failed to open stream: No such file or directory a C:\Users\Administrador\SRV\BLOC1\UD5\ACT5_0C2\index.php (línia 58)
[2025-10-12 10:33:46] [E_WARNING:2] include(): Failed opening 'fitxer_inexistent.php' for inclusion (include_path='.;C:/laragon/etc/php/pear') a C:\Users\Administrador\SRV\BLOC1\UD5\ACT5_0C2\index.php (línia 58)
[2025-10-12 10:33:46] [E_USER_WARNING:512] Error advertència creat per usuari a C:\Users\Administrador\SRV\BLOC1\UD5\ACT5_0C2\index.php (línia 61)
[2025-10-12 10:33:46] [E_USER_NOTICE:1024] Notificació creat per usuari a C:\Users\Administrador\SRV\BLOC1\UD5\ACT5_0C2\index.php (línia 64)
[2025-10-12 10:33:47] [E_WARNING:2] Undefined array key "email" a C:\Users\Administrador\SRV\BLOC1\UD5\ACT5_0C2\index.php (línia 55)
[2025-10-12 10:33:47] [E_WARNING:2] include(fitxer_inexistent.php): Failed to open stream: No such file or directory a C:\Users\Administrador\SRV\BLOC1\UD5\ACT5_0C2\index.php (línia 58)
[2025-10-12 10:33:47] [E_WARNING:2] include(): Failed opening 'fitxer_inexistent.php' for inclusion (include_path='.;C:/laragon/etc/php/pear') a C:\Users\Administrador\SRV\BLOC1\UD5\ACT5_0C2\index.php (línia 58)
[2025-10-12 10:33:47] [E_USER_WARNING:512] Error advertència creat per usuari a C:\Users\Administrador\SRV\BLOC1\UD5\ACT5_0C2\index.php (línia 61)
[2025-10-12 10:33:47] [E_USER_NOTICE:1024] Notificació creat per usuari a C:\Users\Administrador\SRV\BLOC1\UD5\ACT5_0C2\index.php (línia 64)
[2025-10-12 10:33:47] [E_WARNING:2] Undefined array key "email" a C:\Users\Administrador\SRV\BLOC1\UD5\ACT5_0C2\index.php (línia 55)
[2025-10-12 10:33:47] [E_WARNING:2] include(fitxer_inexistent.php): Failed to open stream: No such file or directory a C:\Users\Administrador\SRV\BLOC1\UD5\ACT5_0C2\index.php (línia 58)
[2025-10-12 10:33:47] [E_WARNING:2] include(): Failed opening 'fitxer_inexistent.php' for inclusion (include_path='.;C:/laragon/etc/php/pear') a C:\Users\Administrador\SRV\BLOC1\UD5\ACT5_0C2\index.php (línia 58)
[2025-10-12 10:33:47] [E_USER_WARNING:512] Error advertència creat per usuari a C:\Users\Administrador\SRV\BLOC1\UD5\ACT5_0C2\index.php (línia 61)
[2025-10-12 10:33:47] [E_USER_NOTICE:1024] Notificació creat per usuari a C:\Users\Administrador\SRV\BLOC1\UD5\ACT5_0C2\index.php (línia 64)
[2025-10-12 10:33:47] [E_WARNING:2] Undefined array key "email" a C:\Users\Administrador\SRV\BLOC1\UD5\ACT5_0C2\index.php (línia 55)
[2025-10-12 10:33:47] [E_WARNING:2] include(fitxer_inexistent.php): Failed to open stream: No such file or directory a C:\Users\Administrador\SRV\BLOC1\UD5\ACT5_0C2\index.php (línia 58)
[2025-10-12 10:33:47] [E_WARNING:2] include(): Failed opening 'fitxer_inexistent.php' for inclusion (include_path='.;C:/laragon/etc/php/pear') a C:\Users\Administrador\SRV\BLOC1\UD5\ACT5_0C2\index.php (línia 58)
[2025-10-12 10:33:47] [E_USER_WARNING:512] Error advertència creat per usuari a C:\Users\Administrador\SRV\BLOC1\UD5\ACT5_0C2\index.php (línia 61)
[2025-10-12 10:33:47] [E_USER_NOTICE:1024] Notificació creat per usuari a C:\Users\Administrador\SRV\BLOC1\UD5\ACT5_0C2\index.php (línia 64)
[2025-10-12 10:33:47] [E_WARNING:2] Undefined array key "email" a C:\Users\Administrador\SRV\BLOC1\UD5\ACT5_0C2\index.php (línia 55)
[2025-10-12 10:33:47] [E_WARNING:2] include(fitxer_inexistent.php): Failed to open stream: No such file or directory a C:\Users\Administrador\SRV\BLOC1\UD5\ACT5_0C2\index.php (línia 58)
[2025-10-12 10:33:47] [E_WARNING:2] include(): Failed opening 'fitxer_inexistent.php' for inclusion (include_path='.;C:/laragon/etc/php/pear') a C:\Users\Administrador\SRV\BLOC1\UD5\ACT5_0C2\index.php (línia 58)
[2025-10-12 10:33:47] [E_USER_WARNING:512] Error advertència creat per usuari a C:\Users\Administrador\SRV\BLOC1\UD5\ACT5_0C2\index.php (línia 61)
[2025-10-12 10:33:47] [E_USER_NOTICE:1024] Notificació creat per usuari a C:\Users\Administrador\SRV\BLOC1\UD5\ACT5_0C2\index.php (línia 64)
[2025-10-12 10:33:47] [E_WARNING:2] Undefined array key "email" a C:\Users\Administrador\SRV\BLOC1\UD5\ACT5_0C2\index.php (línia 55)
[2025-10-12 10:33:47] [E_WARNING:2] include(fitxer_inexistent.php): Failed to open stream: No such file or directory a C:\Users\Administrador\SRV\BLOC1\UD5\ACT5_0C2\index.php (línia 58)
[2025-10-12 10:33:47] [E_WARNING:2] include(): Failed opening 'fitxer_inexistent.php' for inclusion (include_path='.;C:/laragon/etc/php/pear') a C:\Users\Administrador\SRV\BLOC1\UD5\ACT5_0C2\index.php (línia 58)
[2025-10-12 10:33:47] [E_USER_WARNING:512] Error advertència creat per usuari a C:\Users\Administrador\SRV\BLOC1\UD5\ACT5_0C2\index.php (línia 61)
[2025-10-12 10:33:47] [E_USER_NOTICE:1024] Notificació creat per usuari a C:\Users\Administrador\SRV\BLOC1\UD5\ACT5_0C2\index.php (línia 64)
[2025-10-12 10:34:21] [E_WARNING:2] Undefined array key "email" a C:\Users\Administrador\SRV\BLOC1\UD5\ACT5_0C2\index.php (línia 55)
[2025-10-12 10:34:21] [E_WARNING:2] include(fitxer_inexistent.php): Failed to open stream: No such file or directory a C:\Users\Administrador\SRV\BLOC1\UD5\ACT5_0C2\index.php (línia 58)
[2025-10-12 10:34:21] [E_WARNING:2] include(): Failed opening 'fitxer_inexistent.php' for inclusion (include_path='.;C:/laragon/etc/php/pear') a C:\Users\Administrador\SRV\BLOC1\UD5\ACT5_0C2\index.php (línia 58)
[2025-10-12 10:34:21] [E_USER_WARNING:512] Error advertència creat per usuari a C:\Users\Administrador\SRV\BLOC1\UD5\ACT5_0C2\index.php (línia 61)
[2025-10-12 10:34:21] [E_USER_NOTICE:1024] Notificació creat per usuari a C:\Users\Administrador\SRV\BLOC1\UD5\ACT5_0C2\index.php (línia 64)
[2025-10-12 10:36:18] [E_WARNING:2] Undefined array key "email" a C:\Users\Administrador\SRV\BLOC1\UD5\ACT5_0C2\index.php (línia 56)
[2025-10-12 10:36:18] [E_WARNING:2] include(fitxer_inexistent.php): Failed to open stream: No such file or directory a C:\Users\Administrador\SRV\BLOC1\UD5\ACT5_0C2\index.php (línia 59)
[2025-10-12 10:36:18] [E_WARNING:2] include(): Failed opening 'fitxer_inexistent.php' for inclusion (include_path='.;C:/laragon/etc/php/pear') a C:\Users\Administrador\SRV\BLOC1\UD5\ACT5_0C2\index.php (línia 59)
[2025-10-12 10:36:18] [E_USER_WARNING:512] Error advertència creat per usuari a C:\Users\Administrador\SRV\BLOC1\UD5\ACT5_0C2\index.php (línia 62)
[2025-10-12 10:36:18] [E_USER_NOTICE:1024] Notificació creat per usuari a C:\Users\Administrador\SRV\BLOC1\UD5\ACT5_0C2\index.php (línia 65)
[12-Oct-2025 10:36:18 UTC] PHP Notice:  Notificació creat per usuari in C:\Users\Administrador\SRV\BLOC1\UD5\ACT5_0C2\index.php on line 65
[***2025-10-12 10:36:36] [E_WARNING:2] Undefined array key "email" a C:\Users\Administrador\SRV\BLOC1\UD5\ACT5_0C2\index.php (línia 56)
[***2025-10-12 10:36:36] [E_WARNING:2] include(fitxer_inexistent.php): Failed to open stream: No such file or directory a C:\Users\Administrador\SRV\BLOC1\UD5\ACT5_0C2\index.php (línia 59)
[***2025-10-12 10:36:36] [E_WARNING:2] include(): Failed opening 'fitxer_inexistent.php' for inclusion (include_path='.;C:/laragon/etc/php/pear') a C:\Users\Administrador\SRV\BLOC1\UD5\ACT5_0C2\index.php (línia 59)
[***2025-10-12 10:36:36] [E_USER_WARNING:512] Error advertència creat per usuari a C:\Users\Administrador\SRV\BLOC1\UD5\ACT5_0C2\index.php (línia 62)
[***2025-10-12 10:36:36] [E_USER_NOTICE:1024] Notificació creat per usuari a C:\Users\Administrador\SRV\BLOC1\UD5\ACT5_0C2\index.php (línia 65)
[12-Oct-2025 10:36:36 UTC] PHP Notice:  Notificació creat per usuari in C:\Users\Administrador\SRV\BLOC1\UD5\ACT5_0C2\index.php on line 65
[2025-10-12 10:36:49] [E_WARNING:2] Undefined array key "email" a C:\Users\Administrador\SRV\BLOC1\UD5\ACT5_0C2\index.php (línia 56)
[2025-10-12 10:36:49] [E_WARNING:2] include(fitxer_inexistent.php): Failed to open stream: No such file or directory a C:\Users\Administrador\SRV\BLOC1\UD5\ACT5_0C2\index.php (línia 59)
[2025-10-12 10:36:49] [E_WARNING:2] include(): Failed opening 'fitxer_inexistent.php' for inclusion (include_path='.;C:/laragon/etc/php/pear') a C:\Users\Administrador\SRV\BLOC1\UD5\ACT5_0C2\index.php (línia 59)
[2025-10-12 10:36:49] [E_USER_WARNING:512] Error advertència creat per usuari a C:\Users\Administrador\SRV\BLOC1\UD5\ACT5_0C2\index.php (línia 62)
[2025-10-12 10:36:49] [E_USER_NOTICE:1024] Notificació creat per usuari a C:\Users\Administrador\SRV\BLOC1\UD5\ACT5_0C2\index.php (línia 65)
[12-Oct-2025 10:36:49 UTC] PHP Notice:  Notificació creat per usuari in C:\Users\Administrador\SRV\BLOC1\UD5\ACT5_0C2\index.php on line 65
[2025-10-12 10:37:18] [E_WARNING:2] Undefined array key "email" a C:\Users\Administrador\SRV\BLOC1\UD5\ACT5_0C2\index.php (línia 56)
[2025-10-12 10:37:18] [E_WARNING:2] include(fitxer_inexistent.php): Failed to open stream: No such file or directory a C:\Users\Administrador\SRV\BLOC1\UD5\ACT5_0C2\index.php (línia 59)
[2025-10-12 10:37:18] [E_WARNING:2] include(): Failed opening 'fitxer_inexistent.php' for inclusion (include_path='.;C:/laragon/etc/php/pear') a C:\Users\Administrador\SRV\BLOC1\UD5\ACT5_0C2\index.php (línia 59)
[2025-10-12 10:37:18] [E_USER_WARNING:512] Error advertència creat per usuari a C:\Users\Administrador\SRV\BLOC1\UD5\ACT5_0C2\index.php (línia 62)
[2025-10-12 10:37:18] [E_USER_NOTICE:1024] Notificació creat per usuari a C:\Users\Administrador\SRV\BLOC1\UD5\ACT5_0C2\index.php (línia 65)
[2025-10-12 10:37:41] [E_WARNING:2] Undefined array key "email" a C:\Users\Administrador\SRV\BLOC1\UD5\ACT5_0C2\index.php (línia 56)
[2025-10-12 10:37:41] [E_WARNING:2] include(fitxer_inexistent.php): Failed to open stream: No such file or directory a C:\Users\Administrador\SRV\BLOC1\UD5\ACT5_0C2\index.php (línia 59)
[2025-10-12 10:37:41] [E_WARNING:2] include(): Failed opening 'fitxer_inexistent.php' for inclusion (include_path='.;C:/laragon/etc/php/pear') a C:\Users\Administrador\SRV\BLOC1\UD5\ACT5_0C2\index.php (línia 59)
[2025-10-12 10:37:41] [E_USER_WARNING:512] Error advertència creat per usuari a C:\Users\Administrador\SRV\BLOC1\UD5\ACT5_0C2\index.php (línia 62)
[2025-10-12 10:37:41] [E_USER_NOTICE:1024] Notificació creat per usuari a C:\Users\Administrador\SRV\BLOC1\UD5\ACT5_0C2\index.php (línia 65)
[2025-10-12 10:37:42] [E_WARNING:2] Undefined array key "email" a C:\Users\Administrador\SRV\BLOC1\UD5\ACT5_0C2\index.php (línia 56)
[2025-10-12 10:37:42] [E_WARNING:2] include(fitxer_inexistent.php): Failed to open stream: No such file or directory a C:\Users\Administrador\SRV\BLOC1\UD5\ACT5_0C2\index.php (línia 59)
[2025-10-12 10:37:42] [E_WARNING:2] include(): Failed opening 'fitxer_inexistent.php' for inclusion (include_path='.;C:/laragon/etc/php/pear') a C:\Users\Administrador\SRV\BLOC1\UD5\ACT5_0C2\index.php (línia 59)
[2025-10-12 10:37:42] [E_USER_WARNING:512] Error advertència creat per usuari a C:\Users\Administrador\SRV\BLOC1\UD5\ACT5_0C2\index.php (línia 62)
[2025-10-12 10:37:42] [E_USER_NOTICE:1024] Notificació creat per usuari a C:\Users\Administrador\SRV\BLOC1\UD5\ACT5_0C2\index.php (línia 65)
[2025-10-12 10:37:42] [E_WARNING:2] Undefined array key "email" a C:\Users\Administrador\SRV\BLOC1\UD5\ACT5_0C2\index.php (línia 56)
[2025-10-12 10:37:42] [E_WARNING:2] include(fitxer_inexistent.php): Failed to open stream: No such file or directory a C:\Users\Administrador\SRV\BLOC1\UD5\ACT5_0C2\index.php (línia 59)
[2025-10-12 10:37:42] [E_WARNING:2] include(): Failed opening 'fitxer_inexistent.php' for inclusion (include_path='.;C:/laragon/etc/php/pear') a C:\Users\Administrador\SRV\BLOC1\UD5\ACT5_0C2\index.php (línia 59)
[2025-10-12 10:37:42] [E_USER_WARNING:512] Error advertència creat per usuari a C:\Users\Administrador\SRV\BLOC1\UD5\ACT5_0C2\index.php (línia 62)
[2025-10-12 10:37:42] [E_USER_NOTICE:1024] Notificació creat per usuari a C:\Users\Administrador\SRV\BLOC1\UD5\ACT5_0C2\index.php (línia 65)
[2025-10-12 10:37:42] [E_WARNING:2] Undefined array key "email" a C:\Users\Administrador\SRV\BLOC1\UD5\ACT5_0C2\index.php (línia 56)
[2025-10-12 10:37:42] [E_WARNING:2] include(fitxer_inexistent.php): Failed to open stream: No such file or directory a C:\Users\Administrador\SRV\BLOC1\UD5\ACT5_0C2\index.php (línia 59)
[2025-10-12 10:37:42] [E_WARNING:2] include(): Failed opening 'fitxer_inexistent.php' for inclusion (include_path='.;C:/laragon/etc/php/pear') a C:\Users\Administrador\SRV\BLOC1\UD5\ACT5_0C2\index.php (línia 59)
[2025-10-12 10:37:42] [E_USER_WARNING:512] Error advertència creat per usuari a C:\Users\Administrador\SRV\BLOC1\UD5\ACT5_0C2\index.php (línia 62)
[2025-10-12 10:37:42] [E_USER_NOTICE:1024] Notificació creat per usuari a C:\Users\Administrador\SRV\BLOC1\UD5\ACT5_0C2\index.php (línia 65)
[2025-10-12 10:38:39] [E_WARNING:2] Undefined array key "email" a C:\Users\Administrador\SRV\BLOC1\UD5\ACT5_0C2\index.php (línia 56)
[2025-10-12 10:38:39] [E_WARNING:2] include(fitxer_inexistent.php): Failed to open stream: No such file or directory a C:\Users\Administrador\SRV\BLOC1\UD5\ACT5_0C2\index.php (línia 59)
[2025-10-12 10:38:39] [E_WARNING:2] include(): Failed opening 'fitxer_inexistent.php' for inclusion (include_path='.;C:/laragon/etc/php/pear') a C:\Users\Administrador\SRV\BLOC1\UD5\ACT5_0C2\index.php (línia 59)
[2025-10-12 10:38:39] [E_USER_WARNING:512] Error advertència creat per usuari a C:\Users\Administrador\SRV\BLOC1\UD5\ACT5_0C2\index.php (línia 62)
[2025-10-12 10:38:39] [E_USER_NOTICE:1024] Notificació creat per usuari a C:\Users\Administrador\SRV\BLOC1\UD5\ACT5_0C2\index.php (línia 65)
[2025-10-12 10:38:41] [E_WARNING:2] Undefined array key "email" a C:\Users\Administrador\SRV\BLOC1\UD5\ACT5_0C2\index.php (línia 56)
[2025-10-12 10:38:41] [E_WARNING:2] include(fitxer_inexistent.php): Failed to open stream: No such file or directory a C:\Users\Administrador\SRV\BLOC1\UD5\ACT5_0C2\index.php (línia 59)
[2025-10-12 10:38:41] [E_WARNING:2] include(): Failed opening 'fitxer_inexistent.php' for inclusion (include_path='.;C:/laragon/etc/php/pear') a C:\Users\Administrador\SRV\BLOC1\UD5\ACT5_0C2\index.php (línia 59)
[2025-10-12 10:38:41] [E_USER_WARNING:512] Error advertència creat per usuari a C:\Users\Administrador\SRV\BLOC1\UD5\ACT5_0C2\index.php (línia 62)
[2025-10-12 10:38:41] [E_USER_NOTICE:1024] Notificació creat per usuari a C:\Users\Administrador\SRV\BLOC1\UD5\ACT5_0C2\index.php (línia 65)
[2025-10-12 10:38:55] [E_WARNING:2] Undefined array key "email" a C:\Users\Administrador\SRV\BLOC1\UD5\ACT5_0C2\index.php (línia 56)
[2025-10-12 10:38:55] [E_WARNING:2] include(fitxer_inexistent.php): Failed to open stream: No such file or directory a C:\Users\Administrador\SRV\BLOC1\UD5\ACT5_0C2\index.php (línia 59)
[2025-10-12 10:38:55] [E_WARNING:2] include(): Failed opening 'fitxer_inexistent.php' for inclusion (include_path='.;C:/laragon/etc/php/pear') a C:\Users\Administrador\SRV\BLOC1\UD5\ACT5_0C2\index.php (línia 59)
[2025-10-12 10:38:55] [E_USER_WARNING:512] Error advertència creat per usuari a C:\Users\Administrador\SRV\BLOC1\UD5\ACT5_0C2\index.php (línia 62)
[2025-10-12 10:38:55] [E_USER_NOTICE:1024] Notificació creat per usuari a C:\Users\Administrador\SRV\BLOC1\UD5\ACT5_0C2\index.php (línia 65)
[2025-10-12 10:38:56] [E_WARNING:2] Undefined array key "email" a C:\Users\Administrador\SRV\BLOC1\UD5\ACT5_0C2\index.php (línia 56)
[2025-10-12 10:38:56] [E_WARNING:2] include(fitxer_inexistent.php): Failed to open stream: No such file or directory a C:\Users\Administrador\SRV\BLOC1\UD5\ACT5_0C2\index.php (línia 59)
[2025-10-12 10:38:56] [E_WARNING:2] include(): Failed opening 'fitxer_inexistent.php' for inclusion (include_path='.;C:/laragon/etc/php/pear') a C:\Users\Administrador\SRV\BLOC1\UD5\ACT5_0C2\index.php (línia 59)
[2025-10-12 10:38:56] [E_USER_WARNING:512] Error advertència creat per usuari a C:\Users\Administrador\SRV\BLOC1\UD5\ACT5_0C2\index.php (línia 62)
[2025-10-12 10:38:56] [E_USER_NOTICE:1024] Notificació creat per usuari a C:\Users\Administrador\SRV\BLOC1\UD5\ACT5_0C2\index.php (línia 65)
[2025-10-12 10:38:56] [E_WARNING:2] Undefined array key "email" a C:\Users\Administrador\SRV\BLOC1\UD5\ACT5_0C2\index.php (línia 56)
[2025-10-12 10:38:56] [E_WARNING:2] include(fitxer_inexistent.php): Failed to open stream: No such file or directory a C:\Users\Administrador\SRV\BLOC1\UD5\ACT5_0C2\index.php (línia 59)
[2025-10-12 10:38:56] [E_WARNING:2] include(): Failed opening 'fitxer_inexistent.php' for inclusion (include_path='.;C:/laragon/etc/php/pear') a C:\Users\Administrador\SRV\BLOC1\UD5\ACT5_0C2\index.php (línia 59)
[2025-10-12 10:38:56] [E_USER_WARNING:512] Error advertència creat per usuari a C:\Users\Administrador\SRV\BLOC1\UD5\ACT5_0C2\index.php (línia 62)
[2025-10-12 10:38:56] [E_USER_NOTICE:1024] Notificació creat per usuari a C:\Users\Administrador\SRV\BLOC1\UD5\ACT5_0C2\index.php (línia 65)
[2025-10-12 10:40:34] [E_WARNING:2] Undefined array key "email" a C:\Users\Administrador\SRV\BLOC1\UD5\ACT5_0C2\index.php (línia 58)
[2025-10-12 10:40:34] [E_WARNING:2] include(fitxer_inexistent.php): Failed to open stream: No such file or directory a C:\Users\Administrador\SRV\BLOC1\UD5\ACT5_0C2\index.php (línia 61)
[2025-10-12 10:40:34] [E_WARNING:2] include(): Failed opening 'fitxer_inexistent.php' for inclusion (include_path='.;C:/laragon/etc/php/pear') a C:\Users\Administrador\SRV\BLOC1\UD5\ACT5_0C2\index.php (línia 61)
[2025-10-12 10:40:34] [E_USER_WARNING:512] Error advertència creat per usuari a C:\Users\Administrador\SRV\BLOC1\UD5\ACT5_0C2\index.php (línia 64)
[2025-10-12 10:40:34] [E_USER_NOTICE:1024] Notificació creat per usuari a C:\Users\Administrador\SRV\BLOC1\UD5\ACT5_0C2\index.php (línia 67)
[2025-10-12 10:40:41] [E_WARNING:2] Undefined array key "email" a C:\Users\Administrador\SRV\BLOC1\UD5\ACT5_0C2\index.php (línia 58)
[2025-10-12 10:40:41] [E_WARNING:2] include(fitxer_inexistent.php): Failed to open stream: No such file or directory a C:\Users\Administrador\SRV\BLOC1\UD5\ACT5_0C2\index.php (línia 61)
[2025-10-12 10:40:41] [E_WARNING:2] include(): Failed opening 'fitxer_inexistent.php' for inclusion (include_path='.;C:/laragon/etc/php/pear') a C:\Users\Administrador\SRV\BLOC1\UD5\ACT5_0C2\index.php (línia 61)
[2025-10-12 10:40:41] [E_USER_WARNING:512] Error advertència creat per usuari a C:\Users\Administrador\SRV\BLOC1\UD5\ACT5_0C2\index.php (línia 64)
[2025-10-12 10:40:41] [E_USER_NOTICE:1024] Notificació creat per usuari a C:\Users\Administrador\SRV\BLOC1\UD5\ACT5_0C2\index.php (línia 67)
[2025-10-12 10:40:42] [E_WARNING:2] Undefined array key "email" a C:\Users\Administrador\SRV\BLOC1\UD5\ACT5_0C2\index.php (línia 58)
[2025-10-12 10:40:42] [E_WARNING:2] include(fitxer_inexistent.php): Failed to open stream: No such file or directory a C:\Users\Administrador\SRV\BLOC1\UD5\ACT5_0C2\index.php (línia 61)
[2025-10-12 10:40:42] [E_WARNING:2] include(): Failed opening 'fitxer_inexistent.php' for inclusion (include_path='.;C:/laragon/etc/php/pear') a C:\Users\Administrador\SRV\BLOC1\UD5\ACT5_0C2\index.php (línia 61)
[2025-10-12 10:40:42] [E_USER_WARNING:512] Error advertència creat per usuari a C:\Users\Administrador\SRV\BLOC1\UD5\ACT5_0C2\index.php (línia 64)
[2025-10-12 10:40:42] [E_USER_NOTICE:1024] Notificació creat per usuari a C:\Users\Administrador\SRV\BLOC1\UD5\ACT5_0C2\index.php (línia 67)
[2025-10-12 10:40:42] [E_WARNING:2] Undefined array key "email" a C:\Users\Administrador\SRV\BLOC1\UD5\ACT5_0C2\index.php (línia 58)
[2025-10-12 10:40:42] [E_WARNING:2] include(fitxer_inexistent.php): Failed to open stream: No such file or directory a C:\Users\Administrador\SRV\BLOC1\UD5\ACT5_0C2\index.php (línia 61)
[2025-10-12 10:40:42] [E_WARNING:2] include(): Failed opening 'fitxer_inexistent.php' for inclusion (include_path='.;C:/laragon/etc/php/pear') a C:\Users\Administrador\SRV\BLOC1\UD5\ACT5_0C2\index.php (línia 61)
[2025-10-12 10:40:42] [E_USER_WARNING:512] Error advertència creat per usuari a C:\Users\Administrador\SRV\BLOC1\UD5\ACT5_0C2\index.php (línia 64)
[2025-10-12 10:40:42] [E_USER_NOTICE:1024] Notificació creat per usuari a C:\Users\Administrador\SRV\BLOC1\UD5\ACT5_0C2\index.php (línia 67)
[2025-10-12 10:40:42] [E_WARNING:2] Undefined array key "email" a C:\Users\Administrador\SRV\BLOC1\UD5\ACT5_0C2\index.php (línia 58)
[2025-10-12 10:40:42] [E_WARNING:2] include(fitxer_inexistent.php): Failed to open stream: No such file or directory a C:\Users\Administrador\SRV\BLOC1\UD5\ACT5_0C2\index.php (línia 61)
[2025-10-12 10:40:42] [E_WARNING:2] include(): Failed opening 'fitxer_inexistent.php' for inclusion (include_path='.;C:/laragon/etc/php/pear') a C:\Users\Administrador\SRV\BLOC1\UD5\ACT5_0C2\index.php (línia 61)
[2025-10-12 10:40:42] [E_USER_WARNING:512] Error advertència creat per usuari a C:\Users\Administrador\SRV\BLOC1\UD5\ACT5_0C2\index.php (línia 64)
[2025-10-12 10:40:42] [E_USER_NOTICE:1024] Notificació creat per usuari a C:\Users\Administrador\SRV\BLOC1\UD5\ACT5_0C2\index.php (línia 67)
[2025-10-12 10:40:43] [E_WARNING:2] Undefined array key "email" a C:\Users\Administrador\SRV\BLOC1\UD5\ACT5_0C2\index.php (línia 58)
[2025-10-12 10:40:43] [E_WARNING:2] include(fitxer_inexistent.php): Failed to open stream: No such file or directory a C:\Users\Administrador\SRV\BLOC1\UD5\ACT5_0C2\index.php (línia 61)
[2025-10-12 10:40:43] [E_WARNING:2] include(): Failed opening 'fitxer_inexistent.php' for inclusion (include_path='.;C:/laragon/etc/php/pear') a C:\Users\Administrador\SRV\BLOC1\UD5\ACT5_0C2\index.php (línia 61)
[2025-10-12 10:40:43] [E_USER_WARNING:512] Error advertència creat per usuari a C:\Users\Administrador\SRV\BLOC1\UD5\ACT5_0C2\index.php (línia 64)
[2025-10-12 10:40:43] [E_USER_NOTICE:1024] Notificació creat per usuari a C:\Users\Administrador\SRV\BLOC1\UD5\ACT5_0C2\index.php (línia 67)
[2025-10-12 10:41:17] [E_WARNING:2] Undefined array key "email" a C:\Users\Administrador\SRV\BLOC1\UD5\ACT5_0C2\index.php (línia 58)
[2025-10-12 10:41:17] [E_WARNING:2] include(fitxer_inexistent.php): Failed to open stream: No such file or directory a C:\Users\Administrador\SRV\BLOC1\UD5\ACT5_0C2\index.php (línia 61)
[2025-10-12 10:41:17] [E_WARNING:2] include(): Failed opening 'fitxer_inexistent.php' for inclusion (include_path='.;C:/laragon/etc/php/pear') a C:\Users\Administrador\SRV\BLOC1\UD5\ACT5_0C2\index.php (línia 61)
[2025-10-12 10:41:17] [E_USER_WARNING:512] Error advertència creat per usuari a C:\Users\Administrador\SRV\BLOC1\UD5\ACT5_0C2\index.php (línia 64)
[2025-10-12 10:41:17] [E_USER_NOTICE:1024] Notificació creat per usuari a C:\Users\Administrador\SRV\BLOC1\UD5\ACT5_0C2\index.php (línia 67)
[2025-10-12 10:41:20] [E_WARNING:2] Undefined array key "email" a C:\Users\Administrador\SRV\BLOC1\UD5\ACT5_0C2\index.php (línia 58)
[2025-10-12 10:41:20] [E_WARNING:2] include(fitxer_inexistent.php): Failed to open stream: No such file or directory a C:\Users\Administrador\SRV\BLOC1\UD5\ACT5_0C2\index.php (línia 61)
[2025-10-12 10:41:20] [E_WARNING:2] include(): Failed opening 'fitxer_inexistent.php' for inclusion (include_path='.;C:/laragon/etc/php/pear') a C:\Users\Administrador\SRV\BLOC1\UD5\ACT5_0C2\index.php (línia 61)
[2025-10-12 10:41:20] [E_USER_WARNING:512] Error advertència creat per usuari a C:\Users\Administrador\SRV\BLOC1\UD5\ACT5_0C2\index.php (línia 64)
[2025-10-12 10:41:20] [E_USER_NOTICE:1024] Notificació creat per usuari a C:\Users\Administrador\SRV\BLOC1\UD5\ACT5_0C2\index.php (línia 67)
[2025-10-12 10:41:50] [E_WARNING:2] Undefined array key "email" a C:\Users\Administrador\SRV\BLOC1\UD5\ACT5_0C2\index.php (línia 58)
[2025-10-12 10:41:50] [E_WARNING:2] include(fitxer_inexistent.php): Failed to open stream: No such file or directory a C:\Users\Administrador\SRV\BLOC1\UD5\ACT5_0C2\index.php (línia 61)
[2025-10-12 10:41:50] [E_WARNING:2] include(): Failed opening 'fitxer_inexistent.php' for inclusion (include_path='.;C:/laragon/etc/php/pear') a C:\Users\Administrador\SRV\BLOC1\UD5\ACT5_0C2\index.php (línia 61)
[2025-10-12 10:41:50] [E_USER_WARNING:512] Error advertència creat per usuari a C:\Users\Administrador\SRV\BLOC1\UD5\ACT5_0C2\index.php (línia 64)
[2025-10-12 10:41:50] [E_USER_NOTICE:1024] Notificació creat per usuari a C:\Users\Administrador\SRV\BLOC1\UD5\ACT5_0C2\index.php (línia 67)
[2025-10-12 10:48:34] [E_WARNING:2] Undefined array key "email" a C:\Users\Administrador\SRV\BLOC1\UD5\ACT5_0C2\index.php (línia 58)
[2025-10-12 10:48:34] [E_WARNING:2] include(fitxer_inexistent.php): Failed to open stream: No such file or directory a C:\Users\Administrador\SRV\BLOC1\UD5\ACT5_0C2\index.php (línia 61)
[2025-10-12 10:48:34] [E_WARNING:2] include(): Failed opening 'fitxer_inexistent.php' for inclusion (include_path='.;C:/laragon/etc/php/pear') a C:\Users\Administrador\SRV\BLOC1\UD5\ACT5_0C2\index.php (línia 61)
[2025-10-12 10:48:34] [E_USER_WARNING:512] Error advertència creat per usuari a C:\Users\Administrador\SRV\BLOC1\UD5\ACT5_0C2\index.php (línia 64)
[2025-10-12 10:48:34] [E_USER_NOTICE:1024] Notificació creat per usuari a C:\Users\Administrador\SRV\BLOC1\UD5\ACT5_0C2\index.php (línia 67)
[2025-10-12 10:49:22] [E_WARNING:2] Undefined array key "email" a C:\Users\Administrador\SRV\BLOC1\UD5\ACT5_0C2\index.php (línia 59)
[2025-10-12 10:49:22] [E_WARNING:2] include(fitxer_inexistent.php): Failed to open stream: No such file or directory a C:\Users\Administrador\SRV\BLOC1\UD5\ACT5_0C2\index.php (línia 62)
[2025-10-12 10:49:22] [E_WARNING:2] include(): Failed opening 'fitxer_inexistent.php' for inclusion (include_path='.;C:/laragon/etc/php/pear') a C:\Users\Administrador\SRV\BLOC1\UD5\ACT5_0C2\index.php (línia 62)
[2025-10-12 10:49:22] [E_USER_WARNING:512] Error advertència creat per usuari a C:\Users\Administrador\SRV\BLOC1\UD5\ACT5_0C2\index.php (línia 65)
[2025-10-12 10:49:22] [E_USER_NOTICE:1024] Notificació creat per usuari a C:\Users\Administrador\SRV\BLOC1\UD5\ACT5_0C2\index.php (línia 68)
[2025-10-12 11:59:32] [E_WARNING:2] Undefined array key "email" a C:\Users\Administrador\SRV\BLOC1\UD5\ACT5_0C2\index.php (línia 59)
[2025-10-12 11:59:32] [E_WARNING:2] include(fitxer_inexistent.php): Failed to open stream: No such file or directory a C:\Users\Administrador\SRV\BLOC1\UD5\ACT5_0C2\index.php (línia 62)
[2025-10-12 11:59:32] [E_WARNING:2] include(): Failed opening 'fitxer_inexistent.php' for inclusion (include_path='.;C:/laragon/etc/php/pear') a C:\Users\Administrador\SRV\BLOC1\UD5\ACT5_0C2\index.php (línia 62)
[2025-10-12 11:59:32] [E_USER_WARNING:512] Error advertència creat per usuari a C:\Users\Administrador\SRV\BLOC1\UD5\ACT5_0C2\index.php (línia 65)
[2025-10-12 11:59:32] [E_USER_NOTICE:1024] Notificació creat per usuari a C:\Users\Administrador\SRV\BLOC1\UD5\ACT5_0C2\index.php (línia 68)
[2025-10-12 11:59:53] [E_WARNING:2] Undefined array key "email" a C:\Users\Administrador\SRV\BLOC1\UD5\ACT5_0C2\index.php (línia 59)
[2025-10-12 11:59:53] [E_WARNING:2] include(fitxer_inexistent.php): Failed to open stream: No such file or directory a C:\Users\Administrador\SRV\BLOC1\UD5\ACT5_0C2\index.php (línia 62)
[2025-10-12 11:59:53] [E_WARNING:2] include(): Failed opening 'fitxer_inexistent.php' for inclusion (include_path='.;C:/laragon/etc/php/pear') a C:\Users\Administrador\SRV\BLOC1\UD5\ACT5_0C2\index.php (línia 62)
[2025-10-12 11:59:53] [E_USER_WARNING:512] Error advertència creat per usuari a C:\Users\Administrador\SRV\BLOC1\UD5\ACT5_0C2\index.php (línia 65)
[2025-10-12 11:59:53] [E_USER_NOTICE:1024] Notificació creat per usuari a C:\Users\Administrador\SRV\BLOC1\UD5\ACT5_0C2\index.php (línia 68)
[2025-10-12 12:00:20] [E_WARNING:2] Undefined array key "email" a C:\Users\Administrador\SRV\BLOC1\UD5\ACT5_0C2\index.php (línia 59)
[2025-10-12 12:00:20] [E_WARNING:2] include(fitxer_inexistent.php): Failed to open stream: No such file or directory a C:\Users\Administrador\SRV\BLOC1\UD5\ACT5_0C2\index.php (línia 62)
[2025-10-12 12:00:20] [E_WARNING:2] include(): Failed opening 'fitxer_inexistent.php' for inclusion (include_path='.;C:/laragon/etc/php/pear') a C:\Users\Administrador\SRV\BLOC1\UD5\ACT5_0C2\index.php (línia 62)
[2025-10-12 12:00:20] [E_USER_WARNING:512] Error advertència creat per usuari a C:\Users\Administrador\SRV\BLOC1\UD5\ACT5_0C2\index.php (línia 65)
[2025-10-12 12:00:20] [E_USER_NOTICE:1024] Notificació creat per usuari a C:\Users\Administrador\SRV\BLOC1\UD5\ACT5_0C2\index.php (línia 68)
[2025-10-12 12:00:21] [E_WARNING:2] Undefined array key "email" a C:\Users\Administrador\SRV\BLOC1\UD5\ACT5_0C2\index.php (línia 59)
[2025-10-12 12:00:21] [E_WARNING:2] include(fitxer_inexistent.php): Failed to open stream: No such file or directory a C:\Users\Administrador\SRV\BLOC1\UD5\ACT5_0C2\index.php (línia 62)
[2025-10-12 12:00:21] [E_WARNING:2] include(): Failed opening 'fitxer_inexistent.php' for inclusion (include_path='.;C:/laragon/etc/php/pear') a C:\Users\Administrador\SRV\BLOC1\UD5\ACT5_0C2\index.php (línia 62)
[2025-10-12 12:00:21] [E_USER_WARNING:512] Error advertència creat per usuari a C:\Users\Administrador\SRV\BLOC1\UD5\ACT5_0C2\index.php (línia 65)
[2025-10-12 12:00:21] [E_USER_NOTICE:1024] Notificació creat per usuari a C:\Users\Administrador\SRV\BLOC1\UD5\ACT5_0C2\index.php (línia 68)
[2025-10-12 12:00:21] [E_WARNING:2] Undefined array key "email" a C:\Users\Administrador\SRV\BLOC1\UD5\ACT5_0C2\index.php (línia 59)
[2025-10-12 12:00:21] [E_WARNING:2] include(fitxer_inexistent.php): Failed to open stream: No such file or directory a C:\Users\Administrador\SRV\BLOC1\UD5\ACT5_0C2\index.php (línia 62)
[2025-10-12 12:00:21] [E_WARNING:2] include(): Failed opening 'fitxer_inexistent.php' for inclusion (include_path='.;C:/laragon/etc/php/pear') a C:\Users\Administrador\SRV\BLOC1\UD5\ACT5_0C2\index.php (línia 62)
[2025-10-12 12:00:21] [E_USER_WARNING:512] Error advertència creat per usuari a C:\Users\Administrador\SRV\BLOC1\UD5\ACT5_0C2\index.php (línia 65)
[2025-10-12 12:00:21] [E_USER_NOTICE:1024] Notificació creat per usuari a C:\Users\Administrador\SRV\BLOC1\UD5\ACT5_0C2\index.php (línia 68)
[2025-10-12 12:00:21] [E_WARNING:2] Undefined array key "email" a C:\Users\Administrador\SRV\BLOC1\UD5\ACT5_0C2\index.php (línia 59)
[2025-10-12 12:00:21] [E_WARNING:2] include(fitxer_inexistent.php): Failed to open stream: No such file or directory a C:\Users\Administrador\SRV\BLOC1\UD5\ACT5_0C2\index.php (línia 62)
[2025-10-12 12:00:21] [E_WARNING:2] include(): Failed opening 'fitxer_inexistent.php' for inclusion (include_path='.;C:/laragon/etc/php/pear') a C:\Users\Administrador\SRV\BLOC1\UD5\ACT5_0C2\index.php (línia 62)
[2025-10-12 12:00:21] [E_USER_WARNING:512] Error advertència creat per usuari a C:\Users\Administrador\SRV\BLOC1\UD5\ACT5_0C2\index.php (línia 65)
[2025-10-12 12:00:21] [E_USER_NOTICE:1024] Notificació creat per usuari a C:\Users\Administrador\SRV\BLOC1\UD5\ACT5_0C2\index.php (línia 68)
[2025-10-12 12:00:21] [E_WARNING:2] Undefined array key "email" a C:\Users\Administrador\SRV\BLOC1\UD5\ACT5_0C2\index.php (línia 59)
[2025-10-12 12:00:21] [E_WARNING:2] include(fitxer_inexistent.php): Failed to open stream: No such file or directory a C:\Users\Administrador\SRV\BLOC1\UD5\ACT5_0C2\index.php (línia 62)
[2025-10-12 12:00:21] [E_WARNING:2] include(): Failed opening 'fitxer_inexistent.php' for inclusion (include_path='.;C:/laragon/etc/php/pear') a C:\Users\Administrador\SRV\BLOC1\UD5\ACT5_0C2\index.php (línia 62)
[2025-10-12 12:00:21] [E_USER_WARNING:512] Error advertència creat per usuari a C:\Users\Administrador\SRV\BLOC1\UD5\ACT5_0C2\index.php (línia 65)
[2025-10-12 12:00:21] [E_USER_NOTICE:1024] Notificació creat per usuari a C:\Users\Administrador\SRV\BLOC1\UD5\ACT5_0C2\index.php (línia 68)
[2025-10-12 12:01:09] [E_WARNING:2] Undefined array key "email" a C:\Users\Administrador\SRV\BLOC1\UD5\ACT5_0C2\index.php (línia 82)
[2025-10-12 12:01:09] [E_WARNING:2] include(fitxer_inexistent.php): Failed to open stream: No such file or directory a C:\Users\Administrador\SRV\BLOC1\UD5\ACT5_0C2\index.php (línia 85)
[2025-10-12 12:01:09] [E_WARNING:2] include(): Failed opening 'fitxer_inexistent.php' for inclusion (include_path='.;C:/laragon/etc/php/pear') a C:\Users\Administrador\SRV\BLOC1\UD5\ACT5_0C2\index.php (línia 85)
[2025-10-12 12:01:09] [E_USER_WARNING:512] Error advertència creat per usuari a C:\Users\Administrador\SRV\BLOC1\UD5\ACT5_0C2\index.php (línia 88)
[2025-10-12 12:01:09] [E_USER_NOTICE:1024] Notificació creat per usuari a C:\Users\Administrador\SRV\BLOC1\UD5\ACT5_0C2\index.php (línia 91)
[2025-10-12 12:01:31] [E_WARNING:2] Undefined array key "email" a C:\Users\Administrador\SRV\BLOC1\UD5\ACT5_0C2\index.php (línia 82)
[2025-10-12 12:01:31] [E_WARNING:2] include(fitxer_inexistent.php): Failed to open stream: No such file or directory a C:\Users\Administrador\SRV\BLOC1\UD5\ACT5_0C2\index.php (línia 85)
[2025-10-12 12:01:31] [E_WARNING:2] include(): Failed opening 'fitxer_inexistent.php' for inclusion (include_path='.;C:/laragon/etc/php/pear') a C:\Users\Administrador\SRV\BLOC1\UD5\ACT5_0C2\index.php (línia 85)
[2025-10-12 12:01:31] [E_USER_WARNING:512] Error advertència creat per usuari a C:\Users\Administrador\SRV\BLOC1\UD5\ACT5_0C2\index.php (línia 88)
[2025-10-12 12:01:31] [E_USER_NOTICE:1024] Notificació creat per usuari a C:\Users\Administrador\SRV\BLOC1\UD5\ACT5_0C2\index.php (línia 91)
[2025-10-12 12:02:40] [ADVERTÈNCIA] [E_WARNING:2] Undefined array key "email" a C:\Users\Administrador\SRV\BLOC1\UD5\ACT5_0C2\index.php (línia 82)
[2025-10-12 12:02:40] [ADVERTÈNCIA] [E_WARNING:2] include(fitxer_inexistent.php): Failed to open stream: No such file or directory a C:\Users\Administrador\SRV\BLOC1\UD5\ACT5_0C2\index.php (línia 85)
[2025-10-12 12:02:40] [ADVERTÈNCIA] [E_WARNING:2] include(): Failed opening 'fitxer_inexistent.php' for inclusion (include_path='.;C:/laragon/etc/php/pear') a C:\Users\Administrador\SRV\BLOC1\UD5\ACT5_0C2\index.php (línia 85)
[2025-10-12 12:02:40] [ADVERTÈNCIA] [E_USER_WARNING:512] Error advertència creat per usuari a C:\Users\Administrador\SRV\BLOC1\UD5\ACT5_0C2\index.php (línia 88)
[2025-10-12 12:02:40] [NOTIFICACIÓ] [E_USER_NOTICE:1024] Notificació creat per usuari a C:\Users\Administrador\SRV\BLOC1\UD5\ACT5_0C2\index.php (línia 91)
[2025-10-12 12:04:09] [ADVERTÈNCIA] [E_WARNING?? 'ALTRE':2] Undefined array key "email" a C:\Users\Administrador\SRV\BLOC1\UD5\ACT5_0C2\index.php (línia 80)
[2025-10-12 12:04:09] [ADVERTÈNCIA] [E_WARNING?? 'ALTRE':2] include(fitxer_inexistent.php): Failed to open stream: No such file or directory a C:\Users\Administrador\SRV\BLOC1\UD5\ACT5_0C2\index.php (línia 83)
[2025-10-12 12:04:09] [ADVERTÈNCIA] [E_WARNING?? 'ALTRE':2] include(): Failed opening 'fitxer_inexistent.php' for inclusion (include_path='.;C:/laragon/etc/php/pear') a C:\Users\Administrador\SRV\BLOC1\UD5\ACT5_0C2\index.php (línia 83)
[2025-10-12 12:04:09] [ADVERTÈNCIA] [E_USER_WARNING?? 'ALTRE':512] Error advertència creat per usuari a C:\Users\Administrador\SRV\BLOC1\UD5\ACT5_0C2\index.php (línia 86)
[2025-10-12 12:04:09] [NOTIFICACIÓ] [E_USER_NOTICE?? 'ALTRE':1024] Notificació creat per usuari a C:\Users\Administrador\SRV\BLOC1\UD5\ACT5_0C2\index.php (línia 89)
[2025-10-12 12:04:10] [ADVERTÈNCIA] [E_WARNING?? 'ALTRE':2] Undefined array key "email" a C:\Users\Administrador\SRV\BLOC1\UD5\ACT5_0C2\index.php (línia 80)
[2025-10-12 12:04:10] [ADVERTÈNCIA] [E_WARNING?? 'ALTRE':2] include(fitxer_inexistent.php): Failed to open stream: No such file or directory a C:\Users\Administrador\SRV\BLOC1\UD5\ACT5_0C2\index.php (línia 83)
[2025-10-12 12:04:10] [ADVERTÈNCIA] [E_WARNING?? 'ALTRE':2] include(): Failed opening 'fitxer_inexistent.php' for inclusion (include_path='.;C:/laragon/etc/php/pear') a C:\Users\Administrador\SRV\BLOC1\UD5\ACT5_0C2\index.php (línia 83)
[2025-10-12 12:04:10] [ADVERTÈNCIA] [E_USER_WARNING?? 'ALTRE':512] Error advertència creat per usuari a C:\Users\Administrador\SRV\BLOC1\UD5\ACT5_0C2\index.php (línia 86)
[2025-10-12 12:04:10] [NOTIFICACIÓ] [E_USER_NOTICE?? 'ALTRE':1024] Notificació creat per usuari a C:\Users\Administrador\SRV\BLOC1\UD5\ACT5_0C2\index.php (línia 89)
[2025-10-12 12:04:28] [ADVERTÈNCIA] [E_WARNING?? 'ALTRE':2] Undefined array key "email" a C:\Users\Administrador\SRV\BLOC1\UD5\ACT5_0C2\index.php (línia 80)
[2025-10-12 12:04:28] [ADVERTÈNCIA] [E_WARNING?? 'ALTRE':2] include(fitxer_inexistent.php): Failed to open stream: No such file or directory a C:\Users\Administrador\SRV\BLOC1\UD5\ACT5_0C2\index.php (línia 83)
[2025-10-12 12:04:28] [ADVERTÈNCIA] [E_WARNING?? 'ALTRE':2] include(): Failed opening 'fitxer_inexistent.php' for inclusion (include_path='.;C:/laragon/etc/php/pear') a C:\Users\Administrador\SRV\BLOC1\UD5\ACT5_0C2\index.php (línia 83)
[2025-10-12 12:04:28] [ADVERTÈNCIA] [E_USER_WARNING?? 'ALTRE':512] Error advertència creat per usuari a C:\Users\Administrador\SRV\BLOC1\UD5\ACT5_0C2\index.php (línia 86)
[2025-10-12 12:04:28] [NOTIFICACIÓ] [E_USER_NOTICE?? 'ALTRE':1024] Notificació creat per usuari a C:\Users\Administrador\SRV\BLOC1\UD5\ACT5_0C2\index.php (línia 89)
[2025-10-12 12:04:29] [ADVERTÈNCIA] [E_WARNING?? 'ALTRE':2] Undefined array key "email" a C:\Users\Administrador\SRV\BLOC1\UD5\ACT5_0C2\index.php (línia 80)
[2025-10-12 12:04:29] [ADVERTÈNCIA] [E_WARNING?? 'ALTRE':2] include(fitxer_inexistent.php): Failed to open stream: No such file or directory a C:\Users\Administrador\SRV\BLOC1\UD5\ACT5_0C2\index.php (línia 83)
[2025-10-12 12:04:29] [ADVERTÈNCIA] [E_WARNING?? 'ALTRE':2] include(): Failed opening 'fitxer_inexistent.php' for inclusion (include_path='.;C:/laragon/etc/php/pear') a C:\Users\Administrador\SRV\BLOC1\UD5\ACT5_0C2\index.php (línia 83)
[2025-10-12 12:04:29] [ADVERTÈNCIA] [E_USER_WARNING?? 'ALTRE':512] Error advertència creat per usuari a C:\Users\Administrador\SRV\BLOC1\UD5\ACT5_0C2\index.php (línia 86)
[2025-10-12 12:04:29] [NOTIFICACIÓ] [E_USER_NOTICE?? 'ALTRE':1024] Notificació creat per usuari a C:\Users\Administrador\SRV\BLOC1\UD5\ACT5_0C2\index.php (línia 89)
[2025-10-12 12:04:29] [ADVERTÈNCIA] [E_WARNING?? 'ALTRE':2] Undefined array key "email" a C:\Users\Administrador\SRV\BLOC1\UD5\ACT5_0C2\index.php (línia 80)
[2025-10-12 12:04:29] [ADVERTÈNCIA] [E_WARNING?? 'ALTRE':2] include(fitxer_inexistent.php): Failed to open stream: No such file or directory a C:\Users\Administrador\SRV\BLOC1\UD5\ACT5_0C2\index.php (línia 83)
[2025-10-12 12:04:29] [ADVERTÈNCIA] [E_WARNING?? 'ALTRE':2] include(): Failed opening 'fitxer_inexistent.php' for inclusion (include_path='.;C:/laragon/etc/php/pear') a C:\Users\Administrador\SRV\BLOC1\UD5\ACT5_0C2\index.php (línia 83)
[2025-10-12 12:04:29] [ADVERTÈNCIA] [E_USER_WARNING?? 'ALTRE':512] Error advertència creat per usuari a C:\Users\Administrador\SRV\BLOC1\UD5\ACT5_0C2\index.php (línia 86)
[2025-10-12 12:04:29] [NOTIFICACIÓ] [E_USER_NOTICE?? 'ALTRE':1024] Notificació creat per usuari a C:\Users\Administrador\SRV\BLOC1\UD5\ACT5_0C2\index.php (línia 89)
[2025-10-12 12:04:37] [ADVERTÈNCIA] [E_WARNING:2] Undefined array key "email" a C:\Users\Administrador\SRV\BLOC1\UD5\ACT5_0C2\index.php (línia 80)
[2025-10-12 12:04:37] [ADVERTÈNCIA] [E_WARNING:2] include(fitxer_inexistent.php): Failed to open stream: No such file or directory a C:\Users\Administrador\SRV\BLOC1\UD5\ACT5_0C2\index.php (línia 83)
[2025-10-12 12:04:37] [ADVERTÈNCIA] [E_WARNING:2] include(): Failed opening 'fitxer_inexistent.php' for inclusion (include_path='.;C:/laragon/etc/php/pear') a C:\Users\Administrador\SRV\BLOC1\UD5\ACT5_0C2\index.php (línia 83)
[2025-10-12 12:04:37] [ADVERTÈNCIA] [E_USER_WARNING:512] Error advertència creat per usuari a C:\Users\Administrador\SRV\BLOC1\UD5\ACT5_0C2\index.php (línia 86)
[2025-10-12 12:04:37] [NOTIFICACIÓ] [E_USER_NOTICE:1024] Notificació creat per usuari a C:\Users\Administrador\SRV\BLOC1\UD5\ACT5_0C2\index.php (línia 89)
[2025-10-12 12:05:22] [ADVERTÈNCIA:2] Undefined array key "email" a C:\Users\Administrador\SRV\BLOC1\UD5\ACT5_0C2\index.php (línia 63)
[2025-10-12 12:05:22] [ADVERTÈNCIA:2] include(fitxer_inexistent.php): Failed to open stream: No such file or directory a C:\Users\Administrador\SRV\BLOC1\UD5\ACT5_0C2\index.php (línia 66)
[2025-10-12 12:05:22] [ADVERTÈNCIA:2] include(): Failed opening 'fitxer_inexistent.php' for inclusion (include_path='.;C:/laragon/etc/php/pear') a C:\Users\Administrador\SRV\BLOC1\UD5\ACT5_0C2\index.php (línia 66)
[2025-10-12 12:05:22] [ADVERTÈNCIA:512] Error advertència creat per usuari a C:\Users\Administrador\SRV\BLOC1\UD5\ACT5_0C2\index.php (línia 69)
[2025-10-12 12:05:22] [NOTIFICACIÓ:1024] Notificació creat per usuari a C:\Users\Administrador\SRV\BLOC1\UD5\ACT5_0C2\index.php (línia 72)
[2025-10-12 14:53:56] [ADVERTÈNCIA:2] Undefined array key "email" a C:\Users\Administrador\SRV\BLOC1\UD5\ACT5_0C2\index.php (línia 63)
[2025-10-12 14:53:56] [ADVERTÈNCIA:2] include(fitxer_inexistent.php): Failed to open stream: No such file or directory a C:\Users\Administrador\SRV\BLOC1\UD5\ACT5_0C2\index.php (línia 66)
[2025-10-12 14:53:56] [ADVERTÈNCIA:2] include(): Failed opening 'fitxer_inexistent.php' for inclusion (include_path='.;C:/laragon/etc/php/pear') a C:\Users\Administrador\SRV\BLOC1\UD5\ACT5_0C2\index.php (línia 66)
[2025-10-12 14:53:56] [ADVERTÈNCIA:512] Error advertència creat per usuari a C:\Users\Administrador\SRV\BLOC1\UD5\ACT5_0C2\index.php (línia 69)
[2025-10-12 14:53:56] [NOTIFICACIÓ:1024] Notificació creat per usuari a C:\Users\Administrador\SRV\BLOC1\UD5\ACT5_0C2\index.php (línia 72)
[2025-10-12 14:54:07] [ADVERTÈNCIA:2] Undefined array key "email" a C:\Users\Administrador\SRV\BLOC1\UD5\ACT5_0C2\index.php (línia 63)
[2025-10-12 14:54:07] [ADVERTÈNCIA:2] include(fitxer_inexistent.php): Failed to open stream: No such file or directory a C:\Users\Administrador\SRV\BLOC1\UD5\ACT5_0C2\index.php (línia 66)
[2025-10-12 14:54:07] [ADVERTÈNCIA:2] include(): Failed opening 'fitxer_inexistent.php' for inclusion (include_path='.;C:/laragon/etc/php/pear') a C:\Users\Administrador\SRV\BLOC1\UD5\ACT5_0C2\index.php (línia 66)
[2025-10-12 14:54:07] [ADVERTÈNCIA:512] Error advertència creat per usuari a C:\Users\Administrador\SRV\BLOC1\UD5\ACT5_0C2\index.php (línia 69)
[2025-10-12 14:54:07] [NOTIFICACIÓ:1024] Notificació creat per usuari a C:\Users\Administrador\SRV\BLOC1\UD5\ACT5_0C2\index.php (línia 72)
[2025-10-12 14:56:47] [ADVERTÈNCIA:2] Undefined array key "email" a C:\Users\Administrador\SRV\BLOC1\UD5\ACT5_0C2\index.php (línia 63)
[2025-10-12 14:56:47] [ADVERTÈNCIA:2] include(fitxer_inexistent.php): Failed to open stream: No such file or directory a C:\Users\Administrador\SRV\BLOC1\UD5\ACT5_0C2\index.php (línia 66)
[2025-10-12 14:56:47] [ADVERTÈNCIA:2] include(): Failed opening 'fitxer_inexistent.php' for inclusion (include_path='.;C:/laragon/etc/php/pear') a C:\Users\Administrador\SRV\BLOC1\UD5\ACT5_0C2\index.php (línia 66)
[2025-10-12 14:56:47] [ADVERTÈNCIA:512] Error advertència creat per usuari a C:\Users\Administrador\SRV\BLOC1\UD5\ACT5_0C2\index.php (línia 69)
[2025-10-12 14:56:47] [NOTIFICACIÓ:1024] Notificació creat per usuari a C:\Users\Administrador\SRV\BLOC1\UD5\ACT5_0C2\index.php (línia 72)
[2025-10-12 14:58:31] [ADVERTÈNCIA:2] Undefined array key "email" a C:\Users\Administrador\SRV\BLOC1\UD5\ACT5_0C2\index.php (línia 63)
[2025-10-12 14:58:31] [ADVERTÈNCIA:2] include(fitxer_inexistent.php): Failed to open stream: No such file or directory a C:\Users\Administrador\SRV\BLOC1\UD5\ACT5_0C2\index.php (línia 66)
[2025-10-12 14:58:31] [ADVERTÈNCIA:2] include(): Failed opening 'fitxer_inexistent.php' for inclusion (include_path='.;C:/laragon/etc/php/pear') a C:\Users\Administrador\SRV\BLOC1\UD5\ACT5_0C2\index.php (línia 66)
[2025-10-12 14:58:31] [ADVERTÈNCIA:512] Error advertència creat per usuari a C:\Users\Administrador\SRV\BLOC1\UD5\ACT5_0C2\index.php (línia 69)
[2025-10-12 14:58:31] [NOTIFICACIÓ:1024] Notificació creat per usuari a C:\Users\Administrador\SRV\BLOC1\UD5\ACT5_0C2\index.php (línia 72)
[2025-10-12 14:58:31] [ADVERTÈNCIA:512] Excepció: Divisió per zero no permesa. a C:\Users\Administrador\SRV\BLOC1\UD5\ACT5_0C2\index.php (línia 83)
[2025-10-12 14:59:27] [ADVERTÈNCIA:2] Undefined array key "email" a C:\Users\Administrador\SRV\BLOC1\UD5\ACT5_0C2\index.php (línia 63)
[2025-10-12 14:59:27] [ADVERTÈNCIA:2] include(fitxer_inexistent.php): Failed to open stream: No such file or directory a C:\Users\Administrador\SRV\BLOC1\UD5\ACT5_0C2\index.php (línia 66)
[2025-10-12 14:59:27] [ADVERTÈNCIA:2] include(): Failed opening 'fitxer_inexistent.php' for inclusion (include_path='.;C:/laragon/etc/php/pear') a C:\Users\Administrador\SRV\BLOC1\UD5\ACT5_0C2\index.php (línia 66)
[2025-10-12 14:59:27] [ADVERTÈNCIA:512] Error advertència creat per usuari a C:\Users\Administrador\SRV\BLOC1\UD5\ACT5_0C2\index.php (línia 69)
[2025-10-12 14:59:27] [NOTIFICACIÓ:1024] Notificació creat per usuari a C:\Users\Administrador\SRV\BLOC1\UD5\ACT5_0C2\index.php (línia 72)
[2025-10-12 14:59:27] [ADVERTÈNCIA:512] Excepció: Divisió per zero no permesa. a C:\Users\Administrador\SRV\BLOC1\UD5\ACT5_0C2\index.php (línia 83)
[2025-10-12 15:18:55] [ADVERTÈNCIA:2] Undefined array key "email" a C:\Users\Administrador\SRV\BLOC1\UD5\ACT5_0C2\index.php (línia 63)
[2025-10-12 15:18:55] [ADVERTÈNCIA:2] include(fitxer_inexistent.php): Failed to open stream: No such file or directory a C:\Users\Administrador\SRV\BLOC1\UD5\ACT5_0C2\index.php (línia 66)
[2025-10-12 15:18:55] [ADVERTÈNCIA:2] include(): Failed opening 'fitxer_inexistent.php' for inclusion (include_path='.;C:/laragon/etc/php/pear') a C:\Users\Administrador\SRV\BLOC1\UD5\ACT5_0C2\index.php (línia 66)
[2025-10-12 15:18:55] [ADVERTÈNCIA:512] Error advertència creat per usuari a C:\Users\Administrador\SRV\BLOC1\UD5\ACT5_0C2\index.php (línia 69)
[2025-10-12 15:18:55] [NOTIFICACIÓ:1024] Notificació creat per usuari a C:\Users\Administrador\SRV\BLOC1\UD5\ACT5_0C2\index.php (línia 72)
[2025-10-12 15:18:55] [ADVERTÈNCIA:512] Excepció: Divisió per zero no permesa. a C:\Users\Administrador\SRV\BLOC1\UD5\ACT5_0C2\index.php (línia 83)
[2025-10-12 15:29:52] [ADVERTÈNCIA:2] Undefined array key "email" a C:\Users\Administrador\SRV\BLOC1\UD5\ACT5_0C22\index.php (línia 63)
[2025-10-12 15:29:52] [ADVERTÈNCIA:2] include(fitxer_inexistent.php): Failed to open stream: No such file or directory a C:\Users\Administrador\SRV\BLOC1\UD5\ACT5_0C22\index.php (línia 66)
[2025-10-12 15:29:52] [ADVERTÈNCIA:2] include(): Failed opening 'fitxer_inexistent.php' for inclusion (include_path='.;C:/laragon/etc/php/pear') a C:\Users\Administrador\SRV\BLOC1\UD5\ACT5_0C22\index.php (línia 66)
[2025-10-12 15:29:52] [ADVERTÈNCIA:512] Error advertència creat per usuari a C:\Users\Administrador\SRV\BLOC1\UD5\ACT5_0C22\index.php (línia 69)
[2025-10-12 15:29:52] [NOTIFICACIÓ:1024] Notificació creat per usuari a C:\Users\Administrador\SRV\BLOC1\UD5\ACT5_0C22\index.php (línia 72)
[2025-10-12 15:29:52] [ADVERTÈNCIA:512] Excepció: Divisió per zero no permesa. a C:\Users\Administrador\SRV\BLOC1\UD5\ACT5_0C22\index.php (línia 83)
[2025-10-12 16:00:53] [ADVERTÈNCIA:2] Undefined array key "email" a C:\Users\Administrador\SRV\BLOC1\UD5\ACT5_0C22\index.php (línia 63)
[2025-10-12 16:00:53] [ADVERTÈNCIA:2] include(fitxer_inexistent.php): Failed to open stream: No such file or directory a C:\Users\Administrador\SRV\BLOC1\UD5\ACT5_0C22\index.php (línia 66)
[2025-10-12 16:00:53] [ADVERTÈNCIA:2] include(): Failed opening 'fitxer_inexistent.php' for inclusion (include_path='.;C:/laragon/etc/php/pear') a C:\Users\Administrador\SRV\BLOC1\UD5\ACT5_0C22\index.php (línia 66)
[2025-10-12 16:00:53] [ADVERTÈNCIA:512] Error advertència creat per usuari a C:\Users\Administrador\SRV\BLOC1\UD5\ACT5_0C22\index.php (línia 69)
[2025-10-12 16:00:53] [NOTIFICACIÓ:1024] Notificació creat per usuari a C:\Users\Administrador\SRV\BLOC1\UD5\ACT5_0C22\index.php (línia 72)
[2025-10-12 16:00:53] [ADVERTÈNCIA:512] Excepció: Divisió per zero no permesa. a C:\Users\Administrador\SRV\BLOC1\UD5\ACT5_0C22\index.php (línia 83)
[2025-10-12 16:14:07] [ADVERTÈNCIA:2] Undefined array key "email" a C:\Users\Administrador\SRV\BLOC1\UD5\ACT5_0C22\index.php (línia 63)
[2025-10-12 16:14:07] [ADVERTÈNCIA:2] include(fitxer_inexistent.php): Failed to open stream: No such file or directory a C:\Users\Administrador\SRV\BLOC1\UD5\ACT5_0C22\index.php (línia 66)
[2025-10-12 16:14:07] [ADVERTÈNCIA:2] include(): Failed opening 'fitxer_inexistent.php' for inclusion (include_path='.;C:/laragon/etc/php/pear') a C:\Users\Administrador\SRV\BLOC1\UD5\ACT5_0C22\index.php (línia 66)
[2025-10-12 16:14:07] [ADVERTÈNCIA:512] Error advertència creat per usuari a C:\Users\Administrador\SRV\BLOC1\UD5\ACT5_0C22\index.php (línia 69)
[2025-10-12 16:14:07] [NOTIFICACIÓ:1024] Notificació creat per usuari a C:\Users\Administrador\SRV\BLOC1\UD5\ACT5_0C22\index.php (línia 72)
[2025-10-12 16:14:07] [ADVERTÈNCIA:512] Excepció: Divisió per zero no permesa.Divisió per zero no permesa. a C:\Users\Administrador\SRV\BLOC1\UD5\ACT5_0C22\index.php (línia 84)
[2025-10-12 16:15:04] [ADVERTÈNCIA:2] Undefined array key "email" a C:\Users\Administrador\SRV\BLOC1\UD5\ACT5_0C22\index.php (línia 63)
[2025-10-12 16:15:04] [ADVERTÈNCIA:2] include(fitxer_inexistent.php): Failed to open stream: No such file or directory a C:\Users\Administrador\SRV\BLOC1\UD5\ACT5_0C22\index.php (línia 66)
[2025-10-12 16:15:04] [ADVERTÈNCIA:2] include(): Failed opening 'fitxer_inexistent.php' for inclusion (include_path='.;C:/laragon/etc/php/pear') a C:\Users\Administrador\SRV\BLOC1\UD5\ACT5_0C22\index.php (línia 66)
[2025-10-12 16:15:04] [ADVERTÈNCIA:512] Error advertència creat per usuari a C:\Users\Administrador\SRV\BLOC1\UD5\ACT5_0C22\index.php (línia 69)
[2025-10-12 16:15:04] [NOTIFICACIÓ:1024] Notificació creat per usuari a C:\Users\Administrador\SRV\BLOC1\UD5\ACT5_0C22\index.php (línia 72)
[2025-10-12 16:15:04] [ADVERTÈNCIA:512] Divisió per zero no permesa. a C:\Users\Administrador\SRV\BLOC1\UD5\ACT5_0C22\index.php (línia 79)
